--------------------------------------------------
DateTime      : 2025-05-26 17:37:19
Package Name  : Pkg_FillBaseInfo
Source Task   : FillDimDepartment
Script Task   : Pkg_FillBaseInfo_PostExecute
Execution ID  : {01DBAC5E-5748-4797-9D63-8AD181A90397}
Status        : Success
--------------------------------------------------

--------------------------------------------------
DateTime      : 2025-05-26 17:37:20
Package Name  : Pkg_FillBaseInfo
Source Task   : FillDimItem
Script Task   : Pkg_FillBaseInfo_PostExecute
Execution ID  : {01DBAC5E-5748-4797-9D63-8AD181A90397}
Status        : Success
--------------------------------------------------

--------------------------------------------------
DateTime      : 2025-05-26 17:37:20
Package Name  : Pkg_FillBaseInfo
Source Task   : FillDimEtlTime
Script Task   : Pkg_FillBaseInfo_PostExecute
Execution ID  : {01DBAC5E-5748-4797-9D63-8AD181A90397}
Status        : Success
--------------------------------------------------

--------------------------------------------------
DateTime      : 2025-05-26 17:37:20
Package Name  : Pkg_FillBaseInfo
Source Task   : Seq_FilltemBaseIfno
Script Task   : Pkg_FillBaseInfo_PostExecute
Execution ID  : {01DBAC5E-5748-4797-9D63-8AD181A90397}
Status        : Success
--------------------------------------------------

--------------------------------------------------
DateTime      : 2025-05-26 17:37:20
Package Name  : Pkg_FillBaseInfo
Source Task   : Pkg_FilltemInfo
Script Task   : Pkg_FillBaseInfo_PostExecute
Execution ID  : {01DBAC5E-5748-4797-9D63-8AD181A90397}
Status        : Success
--------------------------------------------------

--------------------------------------------------
DateTime      : 2025-05-26 17:37:20
Package Name  : Pkg_FillBaseInfo
Source Task   : Run_Pkg_FilltemInfo
Script Task   : Pkg_FillBaseInfo_PostExecute
Execution ID  : {01DBAC5E-5748-4797-9D63-8AD181A90397}
Status        : Success
--------------------------------------------------

