--------------------------------------------------
DateTime      : 2025-06-28 14:42:10
Package Name  : Pkg_FillBaseInfo
Source Task   : FillDimCompany
Script Task   : Pkg_Seq_FillBaseDimension_PostExecute
Execution ID  : {45277B75-B900-413D-840D-2B6E727D369D}
Status        : Success
--------------------------------------------------

--------------------------------------------------
DateTime      : 2025-06-28 14:42:10
Package Name  : Pkg_FillBaseInfo
Source Task   : Success DimCompany
Script Task   : Pkg_Seq_FillBaseDimension_PostExecute
Execution ID  : {45277B75-B900-413D-840D-2B6E727D369D}
Status        : Success
--------------------------------------------------

--------------------------------------------------
DateTime      : 2025-06-28 14:42:10
Package Name  : Pkg_FillBaseInfo
Source Task   : FillDimStore
Script Task   : Pkg_Seq_FillBaseDimension_PostExecute
Execution ID  : {45277B75-B900-413D-840D-2B6E727D369D}
Status        : Success
--------------------------------------------------

--------------------------------------------------
DateTime      : 2025-06-28 14:42:10
Package Name  : Pkg_FillBaseInfo
Source Task   : FillDimUser
Script Task   : Pkg_Seq_FillBaseDimension_PostExecute
Execution ID  : {45277B75-B900-413D-840D-2B6E727D369D}
Status        : Success
--------------------------------------------------

--------------------------------------------------
DateTime      : 2025-06-28 14:42:10
Package Name  : Pkg_FillBaseInfo
Source Task   : FillDimDictionary
Script Task   : Pkg_Seq_FillBaseDimension_PostExecute
Execution ID  : {45277B75-B900-413D-840D-2B6E727D369D}
Status        : Success
--------------------------------------------------

--------------------------------------------------
DateTime      : 2025-06-28 14:42:10
Package Name  : Pkg_FillBaseInfo
Source Task   : FillDimRepository
Script Task   : Pkg_Seq_FillBaseDimension_PostExecute
Execution ID  : {45277B75-B900-413D-840D-2B6E727D369D}
Status        : Success
--------------------------------------------------

--------------------------------------------------
DateTime      : 2025-06-28 14:42:10
Package Name  : Pkg_FillBaseInfo
Source Task   : FillDimEmployee
Script Task   : Pkg_Seq_FillBaseDimension_PostExecute
Execution ID  : {45277B75-B900-413D-840D-2B6E727D369D}
Status        : Success
--------------------------------------------------

--------------------------------------------------
DateTime      : 2025-06-28 14:42:11
Package Name  : Pkg_FillBaseInfo
Source Task   : FillDimTender
Script Task   : Pkg_Seq_FillBaseDimension_PostExecute
Execution ID  : {45277B75-B900-413D-840D-2B6E727D369D}
Status        : Success
--------------------------------------------------

--------------------------------------------------
DateTime      : 2025-06-28 14:42:16
Package Name  : Pkg_FillBaseInfo
Source Task   : FillDimCalender
Script Task   : Pkg_Seq_FillBaseDimension_PostExecute
Execution ID  : {45277B75-B900-413D-840D-2B6E727D369D}
Status        : Success
--------------------------------------------------

--------------------------------------------------
DateTime      : 2025-06-28 14:42:16
Package Name  : Pkg_FillBaseInfo
Source Task   : FillDimWorkstation
Script Task   : Pkg_Seq_FillBaseDimension_PostExecute
Execution ID  : {45277B75-B900-413D-840D-2B6E727D369D}
Status        : Success
--------------------------------------------------

--------------------------------------------------
DateTime      : 2025-06-28 14:42:19
Package Name  : Pkg_FillBaseInfo
Source Task   : FillDimEtlTime
Script Task   : Pkg_Seq_FillBaseDimension_PostExecute
Execution ID  : {45277B75-B900-413D-840D-2B6E727D369D}
Status        : Success
--------------------------------------------------

--------------------------------------------------
DateTime      : 2025-06-28 14:42:19
Package Name  : Pkg_FillBaseInfo
Source Task   : Seq_FillBaseDimension
Script Task   : Pkg_Seq_FillBaseDimension_PostExecute
Execution ID  : {45277B75-B900-413D-840D-2B6E727D369D}
Status        : Success
--------------------------------------------------

