--------------------------------------------------
DateTime      : 2025-05-21 11:55:13
Package Name  : Pkg_FillBaseInfo
Source Task   : FillDimDepartment
Script Task   : Pkg_FillBaseInfo_PostExecute
Execution ID  : {306E9279-E241-468D-8FCD-451A0331F640}
Status        : Success
--------------------------------------------------

--------------------------------------------------
DateTime      : 2025-05-21 11:55:13
Package Name  : Pkg_FillBaseInfo
Source Task   : Success DimDepartment
Script Task   : Pkg_FillBaseInfo_PostExecute
Execution ID  : {306E9279-E241-468D-8FCD-451A0331F640}
Status        : Success
--------------------------------------------------

--------------------------------------------------
DateTime      : 2025-05-21 11:55:14
Package Name  : Pkg_FillBaseInfo
Source Task   : FillDimItem
Script Task   : Pkg_FillBaseInfo_PostExecute
Execution ID  : {306E9279-E241-468D-8FCD-451A0331F640}
Status        : Success
--------------------------------------------------

--------------------------------------------------
DateTime      : 2025-05-21 11:55:14
Package Name  : Pkg_FillBaseInfo
Source Task   : Success DimItem
Script Task   : Pkg_FillBaseInfo_PostExecute
Execution ID  : {306E9279-E241-468D-8FCD-451A0331F640}
Status        : Success
--------------------------------------------------

--------------------------------------------------
DateTime      : 2025-05-21 11:55:15
Package Name  : Pkg_FillBaseInfo
Source Task   : FillDimEtlTime
Script Task   : Pkg_FillBaseInfo_PostExecute
Execution ID  : {306E9279-E241-468D-8FCD-451A0331F640}
Status        : Success
--------------------------------------------------

--------------------------------------------------
DateTime      : 2025-05-21 11:55:15
Package Name  : Pkg_FillBaseInfo
Source Task   : Seq_FilltemBaseIfno
Script Task   : Pkg_FillBaseInfo_PostExecute
Execution ID  : {306E9279-E241-468D-8FCD-451A0331F640}
Status        : Success
--------------------------------------------------

--------------------------------------------------
DateTime      : 2025-05-21 11:55:15
Package Name  : Pkg_FillBaseInfo
Source Task   : Pkg_FilltemInfo
Script Task   : Pkg_FillBaseInfo_PostExecute
Execution ID  : {306E9279-E241-468D-8FCD-451A0331F640}
Status        : Success
--------------------------------------------------

--------------------------------------------------
DateTime      : 2025-05-21 11:55:15
Package Name  : Pkg_FillBaseInfo
Source Task   : Run_Pkg_FilltemInfo
Script Task   : Pkg_FillBaseInfo_PostExecute
Execution ID  : {306E9279-E241-468D-8FCD-451A0331F640}
Status        : Success
--------------------------------------------------

