--------------------------------------------------
DateTime      : 2025-06-28 14:42:47
Package Name  : Pkg_FillBaseInfo
Source Task   : CheckCustomerExists
Script Task   : Pkg_FillSaleInfo_PostExecute
Execution ID  : {45277B75-B900-413D-840D-2B6E727D369D}
Status        : Success
--------------------------------------------------

--------------------------------------------------
DateTime      : 2025-06-28 14:42:48
Package Name  : Pkg_FillBaseInfo
Source Task   : DeleteFactSaleReturn
Script Task   : Pkg_FillSaleInfo_PostExecute
Execution ID  : {45277B75-B900-413D-840D-2B6E727D369D}
Status        : Success
--------------------------------------------------

--------------------------------------------------
DateTime      : 2025-06-28 14:42:50
Package Name  : Pkg_FillBaseInfo
Source Task   : FillDimSaleReturn
Script Task   : Pkg_FillSaleInfo_PostExecute
Execution ID  : {45277B75-B900-413D-840D-2B6E727D369D}
Status        : Success
--------------------------------------------------

--------------------------------------------------
DateTime      : 2025-06-28 14:42:50
Package Name  : Pkg_FillBaseInfo
Source Task   : FillDimEtlTime
Script Task   : Pkg_FillSaleInfo_PostExecute
Execution ID  : {45277B75-B900-413D-840D-2B6E727D369D}
Status        : Success
--------------------------------------------------

--------------------------------------------------
DateTime      : 2025-06-28 14:42:50
Package Name  : Pkg_FillBaseInfo
Source Task   : Seq_FillSaleInfo
Script Task   : Pkg_FillSaleInfo_PostExecute
Execution ID  : {45277B75-B900-413D-840D-2B6E727D369D}
Status        : Success
--------------------------------------------------

--------------------------------------------------
DateTime      : 2025-06-28 14:42:50
Package Name  : Pkg_FillBaseInfo
Source Task   : Pkg_FillSaleInfo
Script Task   : Pkg_FillSaleInfo_PostExecute
Execution ID  : {45277B75-B900-413D-840D-2B6E727D369D}
Status        : Success
--------------------------------------------------

--------------------------------------------------
DateTime      : 2025-06-28 14:42:50
Package Name  : Pkg_FillBaseInfo
Source Task   : Run_Pkg_FillSaleInfo
Script Task   : Pkg_FillSaleInfo_PostExecute
Execution ID  : {45277B75-B900-413D-840D-2B6E727D369D}
Status        : Success
--------------------------------------------------

