--------------------------------------------------
DateTime      : 2025-07-16 14:48:57
Package Name  : Pkg_FillBaseInfo
Source Task   : DeleteFactStockDocument
Script Task   : Pkg_FillStockDocumentInfo_PostExecute
Execution ID  : {78D69401-C30A-49B2-8C22-CD921B30A51E}
Status        : Success
--------------------------------------------------

--------------------------------------------------
DateTime      : 2025-07-16 14:48:58
Package Name  : Pkg_FillBaseInfo
Source Task   : FillFactStockDocument
Script Task   : Pkg_FillStockDocumentInfo_PostExecute
Execution ID  : {78D69401-C30A-49B2-8C22-CD921B30A51E}
Status        : Success
--------------------------------------------------

--------------------------------------------------
DateTime      : 2025-07-16 14:48:58
Package Name  : Pkg_FillBaseInfo
Source Task   : FillDimStockDocument
Script Task   : Pkg_FillStockDocumentInfo_PostExecute
Execution ID  : {78D69401-C30A-49B2-8C22-CD921B30A51E}
Status        : Success
--------------------------------------------------

--------------------------------------------------
DateTime      : 2025-07-16 14:48:59
Package Name  : Pkg_FillBaseInfo
Source Task   : UpdateRefStatus
Script Task   : Pkg_FillStockDocumentInfo_PostExecute
Execution ID  : {78D69401-C30A-49B2-8C22-CD921B30A51E}
Status        : Success
--------------------------------------------------

--------------------------------------------------
DateTime      : 2025-07-16 14:48:59
Package Name  : Pkg_FillBaseInfo
Source Task   : FillDimEtlTime
Script Task   : Pkg_FillStockDocumentInfo_PostExecute
Execution ID  : {78D69401-C30A-49B2-8C22-CD921B30A51E}
Status        : Success
--------------------------------------------------

--------------------------------------------------
DateTime      : 2025-07-16 14:48:59
Package Name  : Pkg_FillBaseInfo
Source Task   : Seq_FillStockDocumentInfo
Script Task   : Pkg_FillStockDocumentInfo_PostExecute
Execution ID  : {78D69401-C30A-49B2-8C22-CD921B30A51E}
Status        : Success
--------------------------------------------------

--------------------------------------------------
DateTime      : 2025-07-16 14:48:59
Package Name  : Pkg_FillBaseInfo
Source Task   : Pkg_FillStockDocumentInfo
Script Task   : Pkg_FillStockDocumentInfo_PostExecute
Execution ID  : {78D69401-C30A-49B2-8C22-CD921B30A51E}
Status        : Success
--------------------------------------------------

--------------------------------------------------
DateTime      : 2025-07-16 14:48:59
Package Name  : Pkg_FillBaseInfo
Source Task   : Run_Pkg_FillStockDocumentInfo
Script Task   : Pkg_FillStockDocumentInfo_PostExecute
Execution ID  : {78D69401-C30A-49B2-8C22-CD921B30A51E}
Status        : Success
--------------------------------------------------

--------------------------------------------------
DateTime      : 2025-07-16 17:39:48
Package Name  : Pkg_FillBaseInfo
Source Task   : DeleteFactStockDocument
Script Task   : Pkg_FillStockDocumentInfo_PostExecute
Execution ID  : {668AB310-276C-4F0B-8726-A4C715EBBB53}
Status        : Success
--------------------------------------------------

--------------------------------------------------
DateTime      : 2025-07-16 17:39:48
Package Name  : Pkg_FillBaseInfo
Source Task   : FillFactStockDocument
Script Task   : Pkg_FillStockDocumentInfo_PostExecute
Execution ID  : {668AB310-276C-4F0B-8726-A4C715EBBB53}
Status        : Success
--------------------------------------------------

--------------------------------------------------
DateTime      : 2025-07-16 17:39:48
Package Name  : Pkg_FillBaseInfo
Source Task   : FillDimStockDocument
Script Task   : Pkg_FillStockDocumentInfo_PostExecute
Execution ID  : {668AB310-276C-4F0B-8726-A4C715EBBB53}
Status        : Success
--------------------------------------------------

--------------------------------------------------
DateTime      : 2025-07-16 17:39:48
Package Name  : Pkg_FillBaseInfo
Source Task   : UpdateRefStatus
Script Task   : Pkg_FillStockDocumentInfo_PostExecute
Execution ID  : {668AB310-276C-4F0B-8726-A4C715EBBB53}
Status        : Success
--------------------------------------------------

--------------------------------------------------
DateTime      : 2025-07-16 17:39:48
Package Name  : Pkg_FillBaseInfo
Source Task   : FillDimEtlTime
Script Task   : Pkg_FillStockDocumentInfo_PostExecute
Execution ID  : {668AB310-276C-4F0B-8726-A4C715EBBB53}
Status        : Success
--------------------------------------------------

--------------------------------------------------
DateTime      : 2025-07-16 17:39:48
Package Name  : Pkg_FillBaseInfo
Source Task   : Seq_FillStockDocumentInfo
Script Task   : Pkg_FillStockDocumentInfo_PostExecute
Execution ID  : {668AB310-276C-4F0B-8726-A4C715EBBB53}
Status        : Success
--------------------------------------------------

--------------------------------------------------
DateTime      : 2025-07-16 17:39:48
Package Name  : Pkg_FillBaseInfo
Source Task   : Pkg_FillStockDocumentInfo
Script Task   : Pkg_FillStockDocumentInfo_PostExecute
Execution ID  : {668AB310-276C-4F0B-8726-A4C715EBBB53}
Status        : Success
--------------------------------------------------

--------------------------------------------------
DateTime      : 2025-07-16 17:39:48
Package Name  : Pkg_FillBaseInfo
Source Task   : Run_Pkg_FillStockDocumentInfo
Script Task   : Pkg_FillStockDocumentInfo_PostExecute
Execution ID  : {668AB310-276C-4F0B-8726-A4C715EBBB53}
Status        : Success
--------------------------------------------------

