--------------------------------------------------
DateTime      : 2025-05-21 11:55:10
Package Name  : Pkg_FillBaseInfo
Source Task   : FillDimCompany
Script Task   : Pkg_Seq_FillBaseDimension_PostExecute
Execution ID  : {306E9279-E241-468D-8FCD-451A0331F640}
Status        : Success
--------------------------------------------------

--------------------------------------------------
DateTime      : 2025-05-21 11:55:10
Package Name  : Pkg_FillBaseInfo
Source Task   : Success DimCompany
Script Task   : Pkg_Seq_FillBaseDimension_PostExecute
Execution ID  : {306E9279-E241-468D-8FCD-451A0331F640}
Status        : Success
--------------------------------------------------

--------------------------------------------------
DateTime      : 2025-05-21 11:55:10
Package Name  : Pkg_FillBaseInfo
Source Task   : FillDimStore
Script Task   : Pkg_Seq_FillBaseDimension_PostExecute
Execution ID  : {306E9279-E241-468D-8FCD-451A0331F640}
Status        : Success
--------------------------------------------------

--------------------------------------------------
DateTime      : 2025-05-21 11:55:10
Package Name  : Pkg_FillBaseInfo
Source Task   : FillDimDictionary
Script Task   : Pkg_Seq_FillBaseDimension_PostExecute
Execution ID  : {306E9279-E241-468D-8FCD-451A0331F640}
Status        : Success
--------------------------------------------------

--------------------------------------------------
DateTime      : 2025-05-21 11:55:10
Package Name  : Pkg_FillBaseInfo
Source Task   : FillDimEmployee
Script Task   : Pkg_Seq_FillBaseDimension_PostExecute
Execution ID  : {306E9279-E241-468D-8FCD-451A0331F640}
Status        : Success
--------------------------------------------------

--------------------------------------------------
DateTime      : 2025-05-21 11:55:10
Package Name  : Pkg_FillBaseInfo
Source Task   : Success DimStore
Script Task   : Pkg_Seq_FillBaseDimension_PostExecute
Execution ID  : {306E9279-E241-468D-8FCD-451A0331F640}
Status        : Success
--------------------------------------------------

--------------------------------------------------
DateTime      : 2025-05-21 11:55:10
Package Name  : Pkg_FillBaseInfo
Source Task   : FillDimRepository
Script Task   : Pkg_Seq_FillBaseDimension_PostExecute
Execution ID  : {306E9279-E241-468D-8FCD-451A0331F640}
Status        : Success
--------------------------------------------------

--------------------------------------------------
DateTime      : 2025-05-21 11:55:10
Package Name  : Pkg_FillBaseInfo
Source Task   : FillDimUser
Script Task   : Pkg_Seq_FillBaseDimension_PostExecute
Execution ID  : {306E9279-E241-468D-8FCD-451A0331F640}
Status        : Success
--------------------------------------------------

--------------------------------------------------
DateTime      : 2025-05-21 11:55:10
Package Name  : Pkg_FillBaseInfo
Source Task   : Success DimDictionary
Script Task   : Pkg_Seq_FillBaseDimension_PostExecute
Execution ID  : {306E9279-E241-468D-8FCD-451A0331F640}
Status        : Success
--------------------------------------------------

--------------------------------------------------
DateTime      : 2025-05-21 11:55:10
Package Name  : Pkg_FillBaseInfo
Source Task   : Success DimEmployee
Script Task   : Pkg_Seq_FillBaseDimension_PostExecute
Execution ID  : {306E9279-E241-468D-8FCD-451A0331F640}
Status        : Success
--------------------------------------------------

--------------------------------------------------
DateTime      : 2025-05-21 11:55:10
Package Name  : Pkg_FillBaseInfo
Source Task   : Success DimRepository
Script Task   : Pkg_Seq_FillBaseDimension_PostExecute
Execution ID  : {306E9279-E241-468D-8FCD-451A0331F640}
Status        : Success
--------------------------------------------------

--------------------------------------------------
DateTime      : 2025-05-21 11:55:10
Package Name  : Pkg_FillBaseInfo
Source Task   : Success DimUser
Script Task   : Pkg_Seq_FillBaseDimension_PostExecute
Execution ID  : {306E9279-E241-468D-8FCD-451A0331F640}
Status        : Success
--------------------------------------------------

--------------------------------------------------
DateTime      : 2025-05-21 11:55:11
Package Name  : Pkg_FillBaseInfo
Source Task   : FillDimTender
Script Task   : Pkg_Seq_FillBaseDimension_PostExecute
Execution ID  : {306E9279-E241-468D-8FCD-451A0331F640}
Status        : Success
--------------------------------------------------

--------------------------------------------------
DateTime      : 2025-05-21 11:55:11
Package Name  : Pkg_FillBaseInfo
Source Task   : Success DimTender
Script Task   : Pkg_Seq_FillBaseDimension_PostExecute
Execution ID  : {306E9279-E241-468D-8FCD-451A0331F640}
Status        : Success
--------------------------------------------------

--------------------------------------------------
DateTime      : 2025-05-21 11:55:12
Package Name  : Pkg_FillBaseInfo
Source Task   : FillDimCalender
Script Task   : Pkg_Seq_FillBaseDimension_PostExecute
Execution ID  : {306E9279-E241-468D-8FCD-451A0331F640}
Status        : Success
--------------------------------------------------

--------------------------------------------------
DateTime      : 2025-05-21 11:55:12
Package Name  : Pkg_FillBaseInfo
Source Task   : Success DimCalender
Script Task   : Pkg_Seq_FillBaseDimension_PostExecute
Execution ID  : {306E9279-E241-468D-8FCD-451A0331F640}
Status        : Success
--------------------------------------------------

--------------------------------------------------
DateTime      : 2025-05-21 11:55:12
Package Name  : Pkg_FillBaseInfo
Source Task   : FillDimWorkstation
Script Task   : Pkg_Seq_FillBaseDimension_PostExecute
Execution ID  : {306E9279-E241-468D-8FCD-451A0331F640}
Status        : Success
--------------------------------------------------

--------------------------------------------------
DateTime      : 2025-05-21 11:55:12
Package Name  : Pkg_FillBaseInfo
Source Task   : Success DimWorkstation
Script Task   : Pkg_Seq_FillBaseDimension_PostExecute
Execution ID  : {306E9279-E241-468D-8FCD-451A0331F640}
Status        : Success
--------------------------------------------------

--------------------------------------------------
DateTime      : 2025-05-21 11:55:12
Package Name  : Pkg_FillBaseInfo
Source Task   : FillDimEtlTime
Script Task   : Pkg_Seq_FillBaseDimension_PostExecute
Execution ID  : {306E9279-E241-468D-8FCD-451A0331F640}
Status        : Success
--------------------------------------------------

--------------------------------------------------
DateTime      : 2025-05-21 11:55:12
Package Name  : Pkg_FillBaseInfo
Source Task   : Seq_FillBaseDimension
Script Task   : Pkg_Seq_FillBaseDimension_PostExecute
Execution ID  : {306E9279-E241-468D-8FCD-451A0331F640}
Status        : Success
--------------------------------------------------

