--------------------------------------------------
DateTime      : 2025-06-28 14:42:51
Package Name  : Pkg_FillBaseInfo
Source Task   : DeleteFactStockDocument
Script Task   : Pkg_FillStockDocumentInfo_PostExecute
Execution ID  : {45277B75-B900-413D-840D-2B6E727D369D}
Status        : Success
--------------------------------------------------

--------------------------------------------------
DateTime      : 2025-06-28 14:42:52
Package Name  : Pkg_FillBaseInfo
Source Task   : FillFactStockDocument
Script Task   : Pkg_FillStockDocumentInfo_PostExecute
Execution ID  : {45277B75-B900-413D-840D-2B6E727D369D}
Status        : Success
--------------------------------------------------

--------------------------------------------------
DateTime      : 2025-06-28 14:42:52
Package Name  : Pkg_FillBaseInfo
Source Task   : FillDimStockDocument
Script Task   : Pkg_FillStockDocumentInfo_PostExecute
Execution ID  : {45277B75-B900-413D-840D-2B6E727D369D}
Status        : Success
--------------------------------------------------

--------------------------------------------------
DateTime      : 2025-06-28 14:42:53
Package Name  : Pkg_FillBaseInfo
Source Task   : UpdateRefStatus
Script Task   : Pkg_FillStockDocumentInfo_PostExecute
Execution ID  : {45277B75-B900-413D-840D-2B6E727D369D}
Status        : Success
--------------------------------------------------

--------------------------------------------------
DateTime      : 2025-06-28 14:42:53
Package Name  : Pkg_FillBaseInfo
Source Task   : FillDimEtlTime
Script Task   : Pkg_FillStockDocumentInfo_PostExecute
Execution ID  : {45277B75-B900-413D-840D-2B6E727D369D}
Status        : Success
--------------------------------------------------

--------------------------------------------------
DateTime      : 2025-06-28 14:42:53
Package Name  : Pkg_FillBaseInfo
Source Task   : Seq_FillStockDocumentInfo
Script Task   : Pkg_FillStockDocumentInfo_PostExecute
Execution ID  : {45277B75-B900-413D-840D-2B6E727D369D}
Status        : Success
--------------------------------------------------

--------------------------------------------------
DateTime      : 2025-06-28 14:42:53
Package Name  : Pkg_FillBaseInfo
Source Task   : Pkg_FillStockDocumentInfo
Script Task   : Pkg_FillStockDocumentInfo_PostExecute
Execution ID  : {45277B75-B900-413D-840D-2B6E727D369D}
Status        : Success
--------------------------------------------------

--------------------------------------------------
DateTime      : 2025-06-28 14:42:53
Package Name  : Pkg_FillBaseInfo
Source Task   : Run_Pkg_FillStockDocumentInfo
Script Task   : Pkg_FillStockDocumentInfo_PostExecute
Execution ID  : {45277B75-B900-413D-840D-2B6E727D369D}
Status        : Success
--------------------------------------------------

