--------------------------------------------------
DateTime      : 2025-05-24 09:54:51
Package Name  : Pkg_FillBaseInfo
Source Task   : FillDimStock
Script Task   : Pkg_FillStockDocumentInfo_PostExecute
Execution ID  : {F5B6CA3C-06F9-4A03-8C2F-5A5DAD8F7B51}
Status        : Success
--------------------------------------------------

--------------------------------------------------
DateTime      : 2025-05-24 09:54:51
Package Name  : Pkg_FillBaseInfo
Source Task   : Success FillDimStock
Script Task   : Pkg_FillStockDocumentInfo_PostExecute
Execution ID  : {F5B6CA3C-06F9-4A03-8C2F-5A5DAD8F7B51}
Status        : Success
--------------------------------------------------

--------------------------------------------------
DateTime      : 2025-05-24 09:54:52
Package Name  : Pkg_FillBaseInfo
Source Task   : FillDimSupplier
Script Task   : Pkg_FillStockDocumentInfo_PostExecute
Execution ID  : {F5B6CA3C-06F9-4A03-8C2F-5A5DAD8F7B51}
Status        : Success
--------------------------------------------------

--------------------------------------------------
DateTime      : 2025-05-24 09:54:52
Package Name  : Pkg_FillBaseInfo
Source Task   : Success FillDimSupplier
Script Task   : Pkg_FillStockDocumentInfo_PostExecute
Execution ID  : {F5B6CA3C-06F9-4A03-8C2F-5A5DAD8F7B51}
Status        : Success
--------------------------------------------------

--------------------------------------------------
DateTime      : 2025-05-24 09:54:53
Package Name  : Pkg_FillBaseInfo
Source Task   : DeleteFactStockDocument
Script Task   : Pkg_FillStockDocumentInfo_PostExecute
Execution ID  : {F5B6CA3C-06F9-4A03-8C2F-5A5DAD8F7B51}
Status        : Success
--------------------------------------------------

--------------------------------------------------
DateTime      : 2025-05-24 09:54:53
Package Name  : Pkg_FillBaseInfo
Source Task   : Success FactStockDocument
Script Task   : Pkg_FillStockDocumentInfo_PostExecute
Execution ID  : {F5B6CA3C-06F9-4A03-8C2F-5A5DAD8F7B51}
Status        : Success
--------------------------------------------------

--------------------------------------------------
DateTime      : 2025-05-24 09:54:54
Package Name  : Pkg_FillBaseInfo
Source Task   : FillFactStockDocument
Script Task   : Pkg_FillStockDocumentInfo_PostExecute
Execution ID  : {F5B6CA3C-06F9-4A03-8C2F-5A5DAD8F7B51}
Status        : Success
--------------------------------------------------

--------------------------------------------------
DateTime      : 2025-05-24 09:54:54
Package Name  : Pkg_FillBaseInfo
Source Task   : Success FillFactStockDocument
Script Task   : Pkg_FillStockDocumentInfo_PostExecute
Execution ID  : {F5B6CA3C-06F9-4A03-8C2F-5A5DAD8F7B51}
Status        : Success
--------------------------------------------------

--------------------------------------------------
DateTime      : 2025-05-24 09:54:55
Package Name  : Pkg_FillBaseInfo
Source Task   : FillDimStockDocument
Script Task   : Pkg_FillStockDocumentInfo_PostExecute
Execution ID  : {F5B6CA3C-06F9-4A03-8C2F-5A5DAD8F7B51}
Status        : Success
--------------------------------------------------

--------------------------------------------------
DateTime      : 2025-05-24 09:54:55
Package Name  : Pkg_FillBaseInfo
Source Task   : Success DimStockDocument
Script Task   : Pkg_FillStockDocumentInfo_PostExecute
Execution ID  : {F5B6CA3C-06F9-4A03-8C2F-5A5DAD8F7B51}
Status        : Success
--------------------------------------------------

--------------------------------------------------
DateTime      : 2025-05-24 09:54:55
Package Name  : Pkg_FillBaseInfo
Source Task   : UpdateRefStatus
Script Task   : Pkg_FillStockDocumentInfo_PostExecute
Execution ID  : {F5B6CA3C-06F9-4A03-8C2F-5A5DAD8F7B51}
Status        : Success
--------------------------------------------------

--------------------------------------------------
DateTime      : 2025-05-24 09:54:55
Package Name  : Pkg_FillBaseInfo
Source Task   : Success UpdateRefStatus
Script Task   : Pkg_FillStockDocumentInfo_PostExecute
Execution ID  : {F5B6CA3C-06F9-4A03-8C2F-5A5DAD8F7B51}
Status        : Success
--------------------------------------------------

--------------------------------------------------
DateTime      : 2025-05-24 09:54:55
Package Name  : Pkg_FillBaseInfo
Source Task   : FillDimEtlTime
Script Task   : Pkg_FillStockDocumentInfo_PostExecute
Execution ID  : {F5B6CA3C-06F9-4A03-8C2F-5A5DAD8F7B51}
Status        : Success
--------------------------------------------------

--------------------------------------------------
DateTime      : 2025-05-24 09:54:55
Package Name  : Pkg_FillBaseInfo
Source Task   : Seq_FillStockInfo
Script Task   : Pkg_FillStockDocumentInfo_PostExecute
Execution ID  : {F5B6CA3C-06F9-4A03-8C2F-5A5DAD8F7B51}
Status        : Success
--------------------------------------------------

--------------------------------------------------
DateTime      : 2025-05-24 09:54:55
Package Name  : Pkg_FillBaseInfo
Source Task   : Pkg_FillStockDocumentInfo
Script Task   : Pkg_FillStockDocumentInfo_PostExecute
Execution ID  : {F5B6CA3C-06F9-4A03-8C2F-5A5DAD8F7B51}
Status        : Success
--------------------------------------------------

--------------------------------------------------
DateTime      : 2025-05-24 09:54:55
Package Name  : Pkg_FillBaseInfo
Source Task   : Run_Pkg_FillStockDocumentInfo
Script Task   : Pkg_FillStockDocumentInfo_PostExecute
Execution ID  : {F5B6CA3C-06F9-4A03-8C2F-5A5DAD8F7B51}
Status        : Success
--------------------------------------------------

