--------------------------------------------------
DateTime      : 2025-07-16 11:33:57
Package Name  : Pkg_FillBaseInfo
Source Task   : FillDimStock
Script Task   : Pkg_FillBaseSaletInfo_PostExecute
Execution ID  : {B2A598FE-9B6A-4DD0-A80F-CF0705E13471}
Status        : Success
--------------------------------------------------

--------------------------------------------------
DateTime      : 2025-07-16 11:33:57
Package Name  : Pkg_FillBaseInfo
Source Task   : FillDimReason
Script Task   : Pkg_FillBaseSaletInfo_PostExecute
Execution ID  : {B2A598FE-9B6A-4DD0-A80F-CF0705E13471}
Status        : Success
--------------------------------------------------

--------------------------------------------------
DateTime      : 2025-07-16 11:33:58
Package Name  : Pkg_FillBaseInfo
Source Task   : FillDimSupplier
Script Task   : Pkg_FillBaseSaletInfo_PostExecute
Execution ID  : {B2A598FE-9B6A-4DD0-A80F-CF0705E13471}
Status        : Success
--------------------------------------------------

--------------------------------------------------
DateTime      : 2025-07-16 11:34:00
Package Name  : Pkg_FillBaseInfo
Source Task   : CheckItemExists
Script Task   : Pkg_FillBaseSaletInfo_PostExecute
Execution ID  : {B2A598FE-9B6A-4DD0-A80F-CF0705E13471}
Status        : Success
--------------------------------------------------

--------------------------------------------------
DateTime      : 2025-07-16 11:34:00
Package Name  : Pkg_FillBaseInfo
Source Task   : Execute SQL Task
Script Task   : Pkg_FillBaseSaleInfo_OnError
Execution ID  : {B2A598FE-9B6A-4DD0-A80F-CF0705E13471}
Status        : FAILED
Error Code    : -1073548784
Error Message : Executing the query "SELECT  *   FROM table_that_does_not_exist" failed with the following error: "Invalid object name 'table_that_does_not_exist'.". Possible failure reasons: Problems with the query, "ResultSet" property not set correctly, parameters not set correctly, or connection not established correctly.

--------------------------------------------------

--------------------------------------------------
DateTime      : 2025-07-16 11:34:00
Package Name  : Pkg_FillBaseInfo
Source Task   : Execute SQL Task
Script Task   : Pkg_FillBaseSaletInfo_PostExecute
Execution ID  : {B2A598FE-9B6A-4DD0-A80F-CF0705E13471}
Status        : Success
--------------------------------------------------

--------------------------------------------------
DateTime      : 2025-07-16 11:34:00
Package Name  : Pkg_FillBaseInfo
Source Task   : Seq_FillBaseInfoSale
Script Task   : Pkg_FillBaseSaletInfo_PostExecute
Execution ID  : {B2A598FE-9B6A-4DD0-A80F-CF0705E13471}
Status        : Success
--------------------------------------------------

--------------------------------------------------
DateTime      : 2025-07-16 11:34:00
Package Name  : Pkg_FillBaseInfo
Source Task   : Pkg_FillBaseSaleInfo
Script Task   : Pkg_FillBaseSaletInfo_PostExecute
Execution ID  : {B2A598FE-9B6A-4DD0-A80F-CF0705E13471}
Status        : Success
--------------------------------------------------

--------------------------------------------------
DateTime      : 2025-07-16 11:34:00
Package Name  : Pkg_FillBaseInfo
Source Task   : Run_Pkg_Pkg_FillBaseSaleInfo
Script Task   : Pkg_FillBaseSaletInfo_PostExecute
Execution ID  : {B2A598FE-9B6A-4DD0-A80F-CF0705E13471}
Status        : Success
--------------------------------------------------

--------------------------------------------------
DateTime      : 2025-07-16 14:48:32
Package Name  : Pkg_FillBaseInfo
Source Task   : FillDimStock
Script Task   : Pkg_FillBaseSaletInfo_PostExecute
Execution ID  : {78D69401-C30A-49B2-8C22-CD921B30A51E}
Status        : Success
--------------------------------------------------

--------------------------------------------------
DateTime      : 2025-07-16 14:48:32
Package Name  : Pkg_FillBaseInfo
Source Task   : FillDimReason
Script Task   : Pkg_FillBaseSaletInfo_PostExecute
Execution ID  : {78D69401-C30A-49B2-8C22-CD921B30A51E}
Status        : Success
--------------------------------------------------

--------------------------------------------------
DateTime      : 2025-07-16 14:48:33
Package Name  : Pkg_FillBaseInfo
Source Task   : FillDimSupplier
Script Task   : Pkg_FillBaseSaletInfo_PostExecute
Execution ID  : {78D69401-C30A-49B2-8C22-CD921B30A51E}
Status        : Success
--------------------------------------------------

--------------------------------------------------
DateTime      : 2025-07-16 14:48:35
Package Name  : Pkg_FillBaseInfo
Source Task   : CheckItemExists
Script Task   : Pkg_FillBaseSaletInfo_PostExecute
Execution ID  : {78D69401-C30A-49B2-8C22-CD921B30A51E}
Status        : Success
--------------------------------------------------

--------------------------------------------------
DateTime      : 2025-07-16 14:48:35
Package Name  : Pkg_FillBaseInfo
Source Task   : Seq_FillBaseInfoSale
Script Task   : Pkg_FillBaseSaletInfo_PostExecute
Execution ID  : {78D69401-C30A-49B2-8C22-CD921B30A51E}
Status        : Success
--------------------------------------------------

--------------------------------------------------
DateTime      : 2025-07-16 14:48:35
Package Name  : Pkg_FillBaseInfo
Source Task   : Pkg_FillBaseSaleInfo
Script Task   : Pkg_FillBaseSaletInfo_PostExecute
Execution ID  : {78D69401-C30A-49B2-8C22-CD921B30A51E}
Status        : Success
--------------------------------------------------

--------------------------------------------------
DateTime      : 2025-07-16 14:48:35
Package Name  : Pkg_FillBaseInfo
Source Task   : Run_Pkg_Pkg_FillBaseSaleInfo
Script Task   : Pkg_FillBaseSaletInfo_PostExecute
Execution ID  : {78D69401-C30A-49B2-8C22-CD921B30A51E}
Status        : Success
--------------------------------------------------

--------------------------------------------------
DateTime      : 2025-07-16 17:39:28
Package Name  : Pkg_FillBaseInfo
Source Task   : FillDimStock
Script Task   : Pkg_FillBaseSaletInfo_PostExecute
Execution ID  : {668AB310-276C-4F0B-8726-A4C715EBBB53}
Status        : Success
--------------------------------------------------

--------------------------------------------------
DateTime      : 2025-07-16 17:39:28
Package Name  : Pkg_FillBaseInfo
Source Task   : FillDimReason
Script Task   : Pkg_FillBaseSaletInfo_PostExecute
Execution ID  : {668AB310-276C-4F0B-8726-A4C715EBBB53}
Status        : Success
--------------------------------------------------

--------------------------------------------------
DateTime      : 2025-07-16 17:39:29
Package Name  : Pkg_FillBaseInfo
Source Task   : FillDimSupplier
Script Task   : Pkg_FillBaseSaletInfo_PostExecute
Execution ID  : {668AB310-276C-4F0B-8726-A4C715EBBB53}
Status        : Success
--------------------------------------------------

--------------------------------------------------
DateTime      : 2025-07-16 17:39:30
Package Name  : Pkg_FillBaseInfo
Source Task   : CheckItemExists
Script Task   : Pkg_FillBaseSaletInfo_PostExecute
Execution ID  : {668AB310-276C-4F0B-8726-A4C715EBBB53}
Status        : Success
--------------------------------------------------

--------------------------------------------------
DateTime      : 2025-07-16 17:39:30
Package Name  : Pkg_FillBaseInfo
Source Task   : Seq_FillBaseInfoSale
Script Task   : Pkg_FillBaseSaletInfo_PostExecute
Execution ID  : {668AB310-276C-4F0B-8726-A4C715EBBB53}
Status        : Success
--------------------------------------------------

--------------------------------------------------
DateTime      : 2025-07-16 17:39:30
Package Name  : Pkg_FillBaseInfo
Source Task   : Pkg_FillBaseSaleInfo
Script Task   : Pkg_FillBaseSaletInfo_PostExecute
Execution ID  : {668AB310-276C-4F0B-8726-A4C715EBBB53}
Status        : Success
--------------------------------------------------

--------------------------------------------------
DateTime      : 2025-07-16 17:39:30
Package Name  : Pkg_FillBaseInfo
Source Task   : Run_Pkg_Pkg_FillBaseSaleInfo
Script Task   : Pkg_FillBaseSaletInfo_PostExecute
Execution ID  : {668AB310-276C-4F0B-8726-A4C715EBBB53}
Status        : Success
--------------------------------------------------

