--------------------------------------------------
DateTime      : 2025-06-10 11:37:38
Package Name  : Pkg_FillBaseInfo
Source Task   : FillDimCompany
Script Task   : Pkg_Seq_FillBaseDimension_PostExecute
Execution ID  : {3114E7B3-61FE-424D-9B56-2A697598BF43}
Status        : Success
--------------------------------------------------

--------------------------------------------------
DateTime      : 2025-06-10 11:37:39
Package Name  : Pkg_FillBaseInfo
Source Task   : Success DimCompany
Script Task   : Pkg_Seq_FillBaseDimension_PostExecute
Execution ID  : {3114E7B3-61FE-424D-9B56-2A697598BF43}
Status        : Success
--------------------------------------------------

--------------------------------------------------
DateTime      : 2025-06-10 11:37:39
Package Name  : Pkg_FillBaseInfo
Source Task   : FillDimRepository
Script Task   : Pkg_Seq_FillBaseDimension_PostExecute
Execution ID  : {3114E7B3-61FE-424D-9B56-2A697598BF43}
Status        : Success
--------------------------------------------------

--------------------------------------------------
DateTime      : 2025-06-10 11:37:39
Package Name  : Pkg_FillBaseInfo
Source Task   : FillDimStore
Script Task   : Pkg_Seq_FillBaseDimension_PostExecute
Execution ID  : {3114E7B3-61FE-424D-9B56-2A697598BF43}
Status        : Success
--------------------------------------------------

--------------------------------------------------
DateTime      : 2025-06-10 11:37:39
Package Name  : Pkg_FillBaseInfo
Source Task   : FillDimDictionary
Script Task   : Pkg_Seq_FillBaseDimension_PostExecute
Execution ID  : {3114E7B3-61FE-424D-9B56-2A697598BF43}
Status        : Success
--------------------------------------------------

--------------------------------------------------
DateTime      : 2025-06-10 11:37:39
Package Name  : Pkg_FillBaseInfo
Source Task   : FillDimEmployee
Script Task   : Pkg_Seq_FillBaseDimension_PostExecute
Execution ID  : {3114E7B3-61FE-424D-9B56-2A697598BF43}
Status        : Success
--------------------------------------------------

--------------------------------------------------
DateTime      : 2025-06-10 11:37:39
Package Name  : Pkg_FillBaseInfo
Source Task   : FillDimUser
Script Task   : Pkg_Seq_FillBaseDimension_PostExecute
Execution ID  : {3114E7B3-61FE-424D-9B56-2A697598BF43}
Status        : Success
--------------------------------------------------

--------------------------------------------------
DateTime      : 2025-06-10 11:37:39
Package Name  : Pkg_FillBaseInfo
Source Task   : FillDimTender
Script Task   : Pkg_Seq_FillBaseDimension_PostExecute
Execution ID  : {3114E7B3-61FE-424D-9B56-2A697598BF43}
Status        : Success
--------------------------------------------------

--------------------------------------------------
DateTime      : 2025-06-10 11:37:45
Package Name  : Pkg_FillBaseInfo
Source Task   : FillDimCalender
Script Task   : Pkg_Seq_FillBaseDimension_PostExecute
Execution ID  : {3114E7B3-61FE-424D-9B56-2A697598BF43}
Status        : Success
--------------------------------------------------

--------------------------------------------------
DateTime      : 2025-06-10 11:37:45
Package Name  : Pkg_FillBaseInfo
Source Task   : FillDimWorkstation
Script Task   : Pkg_Seq_FillBaseDimension_PostExecute
Execution ID  : {3114E7B3-61FE-424D-9B56-2A697598BF43}
Status        : Success
--------------------------------------------------

--------------------------------------------------
DateTime      : 2025-06-10 11:37:45
Package Name  : Pkg_FillBaseInfo
Source Task   : FillDimEtlTime
Script Task   : Pkg_Seq_FillBaseDimension_PostExecute
Execution ID  : {3114E7B3-61FE-424D-9B56-2A697598BF43}
Status        : Success
--------------------------------------------------

--------------------------------------------------
DateTime      : 2025-06-10 11:37:45
Package Name  : Pkg_FillBaseInfo
Source Task   : Seq_FillBaseDimension
Script Task   : Pkg_Seq_FillBaseDimension_PostExecute
Execution ID  : {3114E7B3-61FE-424D-9B56-2A697598BF43}
Status        : Success
--------------------------------------------------

--------------------------------------------------
DateTime      : 2025-06-10 11:46:48
Package Name  : Pkg_FillBaseInfo
Source Task   : FillDimCompany
Script Task   : Pkg_Seq_FillBaseDimension_PostExecute
Execution ID  : {72D7B1A1-C196-4D5C-9149-1ED51F932512}
Status        : Success
--------------------------------------------------

--------------------------------------------------
DateTime      : 2025-06-10 11:46:48
Package Name  : Pkg_FillBaseInfo
Source Task   : Success DimCompany
Script Task   : Pkg_Seq_FillBaseDimension_PostExecute
Execution ID  : {72D7B1A1-C196-4D5C-9149-1ED51F932512}
Status        : Success
--------------------------------------------------

--------------------------------------------------
DateTime      : 2025-06-10 11:46:48
Package Name  : Pkg_FillBaseInfo
Source Task   : FillDimEmployee
Script Task   : Pkg_Seq_FillBaseDimension_PostExecute
Execution ID  : {72D7B1A1-C196-4D5C-9149-1ED51F932512}
Status        : Success
--------------------------------------------------

--------------------------------------------------
DateTime      : 2025-06-10 11:46:48
Package Name  : Pkg_FillBaseInfo
Source Task   : FillDimStore
Script Task   : Pkg_Seq_FillBaseDimension_PostExecute
Execution ID  : {72D7B1A1-C196-4D5C-9149-1ED51F932512}
Status        : Success
--------------------------------------------------

--------------------------------------------------
DateTime      : 2025-06-10 11:46:48
Package Name  : Pkg_FillBaseInfo
Source Task   : FillDimRepository
Script Task   : Pkg_Seq_FillBaseDimension_PostExecute
Execution ID  : {72D7B1A1-C196-4D5C-9149-1ED51F932512}
Status        : Success
--------------------------------------------------

--------------------------------------------------
DateTime      : 2025-06-10 11:46:48
Package Name  : Pkg_FillBaseInfo
Source Task   : FillDimUser
Script Task   : Pkg_Seq_FillBaseDimension_PostExecute
Execution ID  : {72D7B1A1-C196-4D5C-9149-1ED51F932512}
Status        : Success
--------------------------------------------------

--------------------------------------------------
DateTime      : 2025-06-10 11:46:48
Package Name  : Pkg_FillBaseInfo
Source Task   : FillDimDictionary
Script Task   : Pkg_Seq_FillBaseDimension_PostExecute
Execution ID  : {72D7B1A1-C196-4D5C-9149-1ED51F932512}
Status        : Success
--------------------------------------------------

--------------------------------------------------
DateTime      : 2025-06-10 11:46:48
Package Name  : Pkg_FillBaseInfo
Source Task   : FillDimTender
Script Task   : Pkg_Seq_FillBaseDimension_PostExecute
Execution ID  : {72D7B1A1-C196-4D5C-9149-1ED51F932512}
Status        : Success
--------------------------------------------------

--------------------------------------------------
DateTime      : 2025-06-10 11:46:50
Package Name  : Pkg_FillBaseInfo
Source Task   : FillDimCalender
Script Task   : Pkg_Seq_FillBaseDimension_PostExecute
Execution ID  : {72D7B1A1-C196-4D5C-9149-1ED51F932512}
Status        : Success
--------------------------------------------------

--------------------------------------------------
DateTime      : 2025-06-10 11:46:50
Package Name  : Pkg_FillBaseInfo
Source Task   : FillDimWorkstation
Script Task   : Pkg_Seq_FillBaseDimension_PostExecute
Execution ID  : {72D7B1A1-C196-4D5C-9149-1ED51F932512}
Status        : Success
--------------------------------------------------

--------------------------------------------------
DateTime      : 2025-06-10 11:46:50
Package Name  : Pkg_FillBaseInfo
Source Task   : FillDimEtlTime
Script Task   : Pkg_Seq_FillBaseDimension_PostExecute
Execution ID  : {72D7B1A1-C196-4D5C-9149-1ED51F932512}
Status        : Success
--------------------------------------------------

--------------------------------------------------
DateTime      : 2025-06-10 11:46:50
Package Name  : Pkg_FillBaseInfo
Source Task   : Seq_FillBaseDimension
Script Task   : Pkg_Seq_FillBaseDimension_PostExecute
Execution ID  : {72D7B1A1-C196-4D5C-9149-1ED51F932512}
Status        : Success
--------------------------------------------------

--------------------------------------------------
DateTime      : 2025-06-10 11:56:21
Package Name  : Pkg_FillBaseInfo
Source Task   : FillDimCompany
Script Task   : Pkg_Seq_FillBaseDimension_PostExecute
Execution ID  : {3F9E5B23-6141-4B8B-9856-39FCE0F2C912}
Status        : Success
--------------------------------------------------

--------------------------------------------------
DateTime      : 2025-06-10 11:56:22
Package Name  : Pkg_FillBaseInfo
Source Task   : Success DimCompany
Script Task   : Pkg_Seq_FillBaseDimension_PostExecute
Execution ID  : {3F9E5B23-6141-4B8B-9856-39FCE0F2C912}
Status        : Success
--------------------------------------------------

--------------------------------------------------
DateTime      : 2025-06-10 11:56:22
Package Name  : Pkg_FillBaseInfo
Source Task   : FillDimStore
Script Task   : Pkg_Seq_FillBaseDimension_PostExecute
Execution ID  : {3F9E5B23-6141-4B8B-9856-39FCE0F2C912}
Status        : Success
--------------------------------------------------

--------------------------------------------------
DateTime      : 2025-06-10 11:56:22
Package Name  : Pkg_FillBaseInfo
Source Task   : FillDimDictionary
Script Task   : Pkg_Seq_FillBaseDimension_PostExecute
Execution ID  : {3F9E5B23-6141-4B8B-9856-39FCE0F2C912}
Status        : Success
--------------------------------------------------

--------------------------------------------------
DateTime      : 2025-06-10 11:56:22
Package Name  : Pkg_FillBaseInfo
Source Task   : FillDimRepository
Script Task   : Pkg_Seq_FillBaseDimension_PostExecute
Execution ID  : {3F9E5B23-6141-4B8B-9856-39FCE0F2C912}
Status        : Success
--------------------------------------------------

--------------------------------------------------
DateTime      : 2025-06-10 11:56:22
Package Name  : Pkg_FillBaseInfo
Source Task   : FillDimEmployee
Script Task   : Pkg_Seq_FillBaseDimension_PostExecute
Execution ID  : {3F9E5B23-6141-4B8B-9856-39FCE0F2C912}
Status        : Success
--------------------------------------------------

--------------------------------------------------
DateTime      : 2025-06-10 11:56:22
Package Name  : Pkg_FillBaseInfo
Source Task   : FillDimUser
Script Task   : Pkg_Seq_FillBaseDimension_PostExecute
Execution ID  : {3F9E5B23-6141-4B8B-9856-39FCE0F2C912}
Status        : Success
--------------------------------------------------

--------------------------------------------------
DateTime      : 2025-06-10 11:56:22
Package Name  : Pkg_FillBaseInfo
Source Task   : FillDimTender
Script Task   : Pkg_Seq_FillBaseDimension_PostExecute
Execution ID  : {3F9E5B23-6141-4B8B-9856-39FCE0F2C912}
Status        : Success
--------------------------------------------------

--------------------------------------------------
DateTime      : 2025-06-10 11:56:24
Package Name  : Pkg_FillBaseInfo
Source Task   : FillDimCalender
Script Task   : Pkg_Seq_FillBaseDimension_PostExecute
Execution ID  : {3F9E5B23-6141-4B8B-9856-39FCE0F2C912}
Status        : Success
--------------------------------------------------

--------------------------------------------------
DateTime      : 2025-06-10 11:56:24
Package Name  : Pkg_FillBaseInfo
Source Task   : FillDimWorkstation
Script Task   : Pkg_Seq_FillBaseDimension_PostExecute
Execution ID  : {3F9E5B23-6141-4B8B-9856-39FCE0F2C912}
Status        : Success
--------------------------------------------------

--------------------------------------------------
DateTime      : 2025-06-10 11:56:24
Package Name  : Pkg_FillBaseInfo
Source Task   : FillDimEtlTime
Script Task   : Pkg_Seq_FillBaseDimension_PostExecute
Execution ID  : {3F9E5B23-6141-4B8B-9856-39FCE0F2C912}
Status        : Success
--------------------------------------------------

--------------------------------------------------
DateTime      : 2025-06-10 11:56:24
Package Name  : Pkg_FillBaseInfo
Source Task   : Seq_FillBaseDimension
Script Task   : Pkg_Seq_FillBaseDimension_PostExecute
Execution ID  : {3F9E5B23-6141-4B8B-9856-39FCE0F2C912}
Status        : Success
--------------------------------------------------

--------------------------------------------------
DateTime      : 2025-06-10 13:11:07
Package Name  : Pkg_FillBaseInfo
Source Task   : FillDimCompany
Script Task   : Pkg_Seq_FillBaseDimension_PostExecute
Execution ID  : {AD83A7D3-4807-4451-8F6D-4A7363CE6D68}
Status        : Success
--------------------------------------------------

--------------------------------------------------
DateTime      : 2025-06-10 13:11:07
Package Name  : Pkg_FillBaseInfo
Source Task   : Success DimCompany
Script Task   : Pkg_Seq_FillBaseDimension_PostExecute
Execution ID  : {AD83A7D3-4807-4451-8F6D-4A7363CE6D68}
Status        : Success
--------------------------------------------------

--------------------------------------------------
DateTime      : 2025-06-10 13:11:07
Package Name  : Pkg_FillBaseInfo
Source Task   : FillDimStore
Script Task   : Pkg_Seq_FillBaseDimension_PostExecute
Execution ID  : {AD83A7D3-4807-4451-8F6D-4A7363CE6D68}
Status        : Success
--------------------------------------------------

--------------------------------------------------
DateTime      : 2025-06-10 13:11:07
Package Name  : Pkg_FillBaseInfo
Source Task   : FillDimEmployee
Script Task   : Pkg_Seq_FillBaseDimension_PostExecute
Execution ID  : {AD83A7D3-4807-4451-8F6D-4A7363CE6D68}
Status        : Success
--------------------------------------------------

--------------------------------------------------
DateTime      : 2025-06-10 13:11:07
Package Name  : Pkg_FillBaseInfo
Source Task   : FillDimRepository
Script Task   : Pkg_Seq_FillBaseDimension_PostExecute
Execution ID  : {AD83A7D3-4807-4451-8F6D-4A7363CE6D68}
Status        : Success
--------------------------------------------------

--------------------------------------------------
DateTime      : 2025-06-10 13:11:07
Package Name  : Pkg_FillBaseInfo
Source Task   : FillDimUser
Script Task   : Pkg_Seq_FillBaseDimension_PostExecute
Execution ID  : {AD83A7D3-4807-4451-8F6D-4A7363CE6D68}
Status        : Success
--------------------------------------------------

--------------------------------------------------
DateTime      : 2025-06-10 13:11:07
Package Name  : Pkg_FillBaseInfo
Source Task   : FillDimDictionary
Script Task   : Pkg_Seq_FillBaseDimension_PostExecute
Execution ID  : {AD83A7D3-4807-4451-8F6D-4A7363CE6D68}
Status        : Success
--------------------------------------------------

--------------------------------------------------
DateTime      : 2025-06-10 13:11:07
Package Name  : Pkg_FillBaseInfo
Source Task   : FillDimTender
Script Task   : Pkg_Seq_FillBaseDimension_PostExecute
Execution ID  : {AD83A7D3-4807-4451-8F6D-4A7363CE6D68}
Status        : Success
--------------------------------------------------

--------------------------------------------------
DateTime      : 2025-06-10 13:11:09
Package Name  : Pkg_FillBaseInfo
Source Task   : FillDimCalender
Script Task   : Pkg_Seq_FillBaseDimension_PostExecute
Execution ID  : {AD83A7D3-4807-4451-8F6D-4A7363CE6D68}
Status        : Success
--------------------------------------------------

--------------------------------------------------
DateTime      : 2025-06-10 13:11:09
Package Name  : Pkg_FillBaseInfo
Source Task   : FillDimWorkstation
Script Task   : Pkg_Seq_FillBaseDimension_PostExecute
Execution ID  : {AD83A7D3-4807-4451-8F6D-4A7363CE6D68}
Status        : Success
--------------------------------------------------

--------------------------------------------------
DateTime      : 2025-06-10 13:11:09
Package Name  : Pkg_FillBaseInfo
Source Task   : FillDimEtlTime
Script Task   : Pkg_Seq_FillBaseDimension_PostExecute
Execution ID  : {AD83A7D3-4807-4451-8F6D-4A7363CE6D68}
Status        : Success
--------------------------------------------------

--------------------------------------------------
DateTime      : 2025-06-10 13:11:09
Package Name  : Pkg_FillBaseInfo
Source Task   : Seq_FillBaseDimension
Script Task   : Pkg_Seq_FillBaseDimension_PostExecute
Execution ID  : {AD83A7D3-4807-4451-8F6D-4A7363CE6D68}
Status        : Success
--------------------------------------------------

