--------------------------------------------------
DateTime      : 2025-05-26 17:37:17
Package Name  : Pkg_FillBaseInfo
Source Task   : FillDimCompany
Script Task   : Pkg_Seq_FillBaseDimension_PostExecute
Execution ID  : {01DBAC5E-5748-4797-9D63-8AD181A90397}
Status        : Success
--------------------------------------------------

--------------------------------------------------
DateTime      : 2025-05-26 17:37:17
Package Name  : Pkg_FillBaseInfo
Source Task   : Success DimCompany
Script Task   : Pkg_Seq_FillBaseDimension_PostExecute
Execution ID  : {01DBAC5E-5748-4797-9D63-8AD181A90397}
Status        : Success
--------------------------------------------------

--------------------------------------------------
DateTime      : 2025-05-26 17:37:17
Package Name  : Pkg_FillBaseInfo
Source Task   : FillDimStore
Script Task   : Pkg_Seq_FillBaseDimension_PostExecute
Execution ID  : {01DBAC5E-5748-4797-9D63-8AD181A90397}
Status        : Success
--------------------------------------------------

--------------------------------------------------
DateTime      : 2025-05-26 17:37:17
Package Name  : Pkg_FillBaseInfo
Source Task   : FillDimRepository
Script Task   : Pkg_Seq_FillBaseDimension_PostExecute
Execution ID  : {01DBAC5E-5748-4797-9D63-8AD181A90397}
Status        : Success
--------------------------------------------------

--------------------------------------------------
DateTime      : 2025-05-26 17:37:17
Package Name  : Pkg_FillBaseInfo
Source Task   : FillDimEmployee
Script Task   : Pkg_Seq_FillBaseDimension_PostExecute
Execution ID  : {01DBAC5E-5748-4797-9D63-8AD181A90397}
Status        : Success
--------------------------------------------------

--------------------------------------------------
DateTime      : 2025-05-26 17:37:17
Package Name  : Pkg_FillBaseInfo
Source Task   : FillDimUser
Script Task   : Pkg_Seq_FillBaseDimension_PostExecute
Execution ID  : {01DBAC5E-5748-4797-9D63-8AD181A90397}
Status        : Success
--------------------------------------------------

--------------------------------------------------
DateTime      : 2025-05-26 17:37:17
Package Name  : Pkg_FillBaseInfo
Source Task   : FillDimDictionary
Script Task   : Pkg_Seq_FillBaseDimension_PostExecute
Execution ID  : {01DBAC5E-5748-4797-9D63-8AD181A90397}
Status        : Success
--------------------------------------------------

--------------------------------------------------
DateTime      : 2025-05-26 17:37:17
Package Name  : Pkg_FillBaseInfo
Source Task   : FillDimTender
Script Task   : Pkg_Seq_FillBaseDimension_PostExecute
Execution ID  : {01DBAC5E-5748-4797-9D63-8AD181A90397}
Status        : Success
--------------------------------------------------

--------------------------------------------------
DateTime      : 2025-05-26 17:37:18
Package Name  : Pkg_FillBaseInfo
Source Task   : FillDimCalender
Script Task   : Pkg_Seq_FillBaseDimension_PostExecute
Execution ID  : {01DBAC5E-5748-4797-9D63-8AD181A90397}
Status        : Success
--------------------------------------------------

--------------------------------------------------
DateTime      : 2025-05-26 17:37:18
Package Name  : Pkg_FillBaseInfo
Source Task   : FillDimWorkstation
Script Task   : Pkg_Seq_FillBaseDimension_PostExecute
Execution ID  : {01DBAC5E-5748-4797-9D63-8AD181A90397}
Status        : Success
--------------------------------------------------

--------------------------------------------------
DateTime      : 2025-05-26 17:37:18
Package Name  : Pkg_FillBaseInfo
Source Task   : FillDimEtlTime
Script Task   : Pkg_Seq_FillBaseDimension_PostExecute
Execution ID  : {01DBAC5E-5748-4797-9D63-8AD181A90397}
Status        : Success
--------------------------------------------------

--------------------------------------------------
DateTime      : 2025-05-26 17:37:18
Package Name  : Pkg_FillBaseInfo
Source Task   : Seq_FillBaseDimension
Script Task   : Pkg_Seq_FillBaseDimension_PostExecute
Execution ID  : {01DBAC5E-5748-4797-9D63-8AD181A90397}
Status        : Success
--------------------------------------------------

