--------------------------------------------------
DateTime      : 2025-06-09 10:10:15
Package Name  : Pkg_FillBaseInfo
Source Task   : FillDimStock
Script Task   : Pkg_FillStockDocumentInfo_PostExecute
Execution ID  : {7BE4D401-BC7B-4031-9A2F-B4E5FC1E74EB}
Status        : Success
--------------------------------------------------

--------------------------------------------------
DateTime      : 2025-06-09 10:10:16
Package Name  : Pkg_FillBaseInfo
Source Task   : FillDimSupplier
Script Task   : Pkg_FillStockDocumentInfo_PostExecute
Execution ID  : {7BE4D401-BC7B-4031-9A2F-B4E5FC1E74EB}
Status        : Success
--------------------------------------------------

--------------------------------------------------
DateTime      : 2025-06-09 10:10:16
Package Name  : Pkg_FillBaseInfo
Source Task   : DeleteFactStockDocument
Script Task   : Pkg_FillStockDocumentInfo_PostExecute
Execution ID  : {7BE4D401-BC7B-4031-9A2F-B4E5FC1E74EB}
Status        : Success
--------------------------------------------------

--------------------------------------------------
DateTime      : 2025-06-09 10:10:17
Package Name  : Pkg_FillBaseInfo
Source Task   : FillFactStockDocument
Script Task   : Pkg_FillStockDocumentInfo_PostExecute
Execution ID  : {7BE4D401-BC7B-4031-9A2F-B4E5FC1E74EB}
Status        : Success
--------------------------------------------------

--------------------------------------------------
DateTime      : 2025-06-09 10:10:17
Package Name  : Pkg_FillBaseInfo
Source Task   : FillDimStockDocument
Script Task   : Pkg_FillStockDocumentInfo_PostExecute
Execution ID  : {7BE4D401-BC7B-4031-9A2F-B4E5FC1E74EB}
Status        : Success
--------------------------------------------------

--------------------------------------------------
DateTime      : 2025-06-09 10:10:17
Package Name  : Pkg_FillBaseInfo
Source Task   : UpdateRefStatus
Script Task   : Pkg_FillStockDocumentInfo_PostExecute
Execution ID  : {7BE4D401-BC7B-4031-9A2F-B4E5FC1E74EB}
Status        : Success
--------------------------------------------------

--------------------------------------------------
DateTime      : 2025-06-09 10:10:17
Package Name  : Pkg_FillBaseInfo
Source Task   : FillDimEtlTime
Script Task   : Pkg_FillStockDocumentInfo_PostExecute
Execution ID  : {7BE4D401-BC7B-4031-9A2F-B4E5FC1E74EB}
Status        : Success
--------------------------------------------------

--------------------------------------------------
DateTime      : 2025-06-09 10:10:18
Package Name  : Pkg_FillBaseInfo
Source Task   : Seq_FillStockDocumentInfo
Script Task   : Pkg_FillStockDocumentInfo_PostExecute
Execution ID  : {7BE4D401-BC7B-4031-9A2F-B4E5FC1E74EB}
Status        : Success
--------------------------------------------------

--------------------------------------------------
DateTime      : 2025-06-09 10:10:18
Package Name  : Pkg_FillBaseInfo
Source Task   : Pkg_FillStockDocumentInfo
Script Task   : Pkg_FillStockDocumentInfo_PostExecute
Execution ID  : {7BE4D401-BC7B-4031-9A2F-B4E5FC1E74EB}
Status        : Success
--------------------------------------------------

--------------------------------------------------
DateTime      : 2025-06-09 10:10:18
Package Name  : Pkg_FillBaseInfo
Source Task   : Run_Pkg_FillStockDocumentInfo
Script Task   : Pkg_FillStockDocumentInfo_PostExecute
Execution ID  : {7BE4D401-BC7B-4031-9A2F-B4E5FC1E74EB}
Status        : Success
--------------------------------------------------

