--------------------------------------------------
DateTime      : 2025-06-10 11:37:52
Package Name  : Pkg_FillBaseInfo
Source Task   : FillDimDepartment
Script Task   : Pkg_FillItemInfo_PostExecute
Execution ID  : {3114E7B3-61FE-424D-9B56-2A697598BF43}
Status        : Success
--------------------------------------------------

--------------------------------------------------
DateTime      : 2025-06-10 11:37:54
Package Name  : Pkg_FillBaseInfo
Source Task   : FillDimItem
Script Task   : Pkg_FillItemInfo_PostExecute
Execution ID  : {3114E7B3-61FE-424D-9B56-2A697598BF43}
Status        : Success
--------------------------------------------------

--------------------------------------------------
DateTime      : 2025-06-10 11:37:54
Package Name  : Pkg_FillBaseInfo
Source Task   : FillDimEtlTime
Script Task   : Pkg_FillItemInfo_PostExecute
Execution ID  : {3114E7B3-61FE-424D-9B56-2A697598BF43}
Status        : Success
--------------------------------------------------

--------------------------------------------------
DateTime      : 2025-06-10 11:37:54
Package Name  : Pkg_FillBaseInfo
Source Task   : Seq_FilltemBaseIfno
Script Task   : Pkg_FillItemInfo_PostExecute
Execution ID  : {3114E7B3-61FE-424D-9B56-2A697598BF43}
Status        : Success
--------------------------------------------------

--------------------------------------------------
DateTime      : 2025-06-10 11:37:55
Package Name  : Pkg_FillBaseInfo
Source Task   : Pkg_FilltemInfo
Script Task   : Pkg_FillItemInfo_PostExecute
Execution ID  : {3114E7B3-61FE-424D-9B56-2A697598BF43}
Status        : Success
--------------------------------------------------

--------------------------------------------------
DateTime      : 2025-06-10 11:37:55
Package Name  : Pkg_FillBaseInfo
Source Task   : Run_Pkg_FilltemInfo
Script Task   : Pkg_FillItemInfo_PostExecute
Execution ID  : {3114E7B3-61FE-424D-9B56-2A697598BF43}
Status        : Success
--------------------------------------------------

