--------------------------------------------------
DateTime      : 2025-06-11 14:16:44
Package Name  : Pkg_FillBaseInfo
Source Task   : FillDimDepartment
Script Task   : Pkg_FillItemInfo_PostExecute
Execution ID  : {2CA3563F-6EC3-4896-9F2B-867F7FCE7FDC}
Status        : Success
--------------------------------------------------

--------------------------------------------------
DateTime      : 2025-06-11 14:16:45
Package Name  : Pkg_FillBaseInfo
Source Task   : FillDimItem
Script Task   : Pkg_FillItemInfo_PostExecute
Execution ID  : {2CA3563F-6EC3-4896-9F2B-867F7FCE7FDC}
Status        : Success
--------------------------------------------------

--------------------------------------------------
DateTime      : 2025-06-11 14:16:45
Package Name  : Pkg_FillBaseInfo
Source Task   : FillDimEtlTime
Script Task   : Pkg_FillItemInfo_PostExecute
Execution ID  : {2CA3563F-6EC3-4896-9F2B-867F7FCE7FDC}
Status        : Success
--------------------------------------------------

--------------------------------------------------
DateTime      : 2025-06-11 14:16:45
Package Name  : Pkg_FillBaseInfo
Source Task   : Seq_FilltemBaseInfo
Script Task   : Pkg_FillItemInfo_PostExecute
Execution ID  : {2CA3563F-6EC3-4896-9F2B-867F7FCE7FDC}
Status        : Success
--------------------------------------------------

--------------------------------------------------
DateTime      : 2025-06-11 14:16:46
Package Name  : Pkg_FillBaseInfo
Source Task   : Pkg_FilltemInfo
Script Task   : Pkg_FillItemInfo_PostExecute
Execution ID  : {2CA3563F-6EC3-4896-9F2B-867F7FCE7FDC}
Status        : Success
--------------------------------------------------

--------------------------------------------------
DateTime      : 2025-06-11 14:16:46
Package Name  : Pkg_FillBaseInfo
Source Task   : Run_Pkg_FilltemInfo
Script Task   : Pkg_FillItemInfo_PostExecute
Execution ID  : {2CA3563F-6EC3-4896-9F2B-867F7FCE7FDC}
Status        : Success
--------------------------------------------------

