--------------------------------------------------
DateTime      : 2025-06-09 10:10:09
Package Name  : Pkg_FillBaseInfo
Source Task   : CheckCustomerExists
Script Task   : Pkg_FillSaleInfo_PostExecute
Execution ID  : {7BE4D401-BC7B-4031-9A2F-B4E5FC1E74EB}
Status        : Success
--------------------------------------------------

--------------------------------------------------
DateTime      : 2025-06-09 10:10:12
Package Name  : Pkg_FillBaseInfo
Source Task   : DeleteFactSaleReturn
Script Task   : Pkg_FillSaleInfo_PostExecute
Execution ID  : {7BE4D401-BC7B-4031-9A2F-B4E5FC1E74EB}
Status        : Success
--------------------------------------------------

--------------------------------------------------
DateTime      : 2025-06-09 10:10:13
Package Name  : Pkg_FillBaseInfo
Source Task   : FillDimSaleReturn
Script Task   : Pkg_FillSaleInfo_PostExecute
Execution ID  : {7BE4D401-BC7B-4031-9A2F-B4E5FC1E74EB}
Status        : Success
--------------------------------------------------

--------------------------------------------------
DateTime      : 2025-06-09 10:10:13
Package Name  : Pkg_FillBaseInfo
Source Task   : FillDimEtlTime
Script Task   : Pkg_FillSaleInfo_PostExecute
Execution ID  : {7BE4D401-BC7B-4031-9A2F-B4E5FC1E74EB}
Status        : Success
--------------------------------------------------

--------------------------------------------------
DateTime      : 2025-06-09 10:10:13
Package Name  : Pkg_FillBaseInfo
Source Task   : Seq_FillSaleInfo
Script Task   : Pkg_FillSaleInfo_PostExecute
Execution ID  : {7BE4D401-BC7B-4031-9A2F-B4E5FC1E74EB}
Status        : Success
--------------------------------------------------

--------------------------------------------------
DateTime      : 2025-06-09 10:10:13
Package Name  : Pkg_FillBaseInfo
Source Task   : Pkg_FillSaleInfo
Script Task   : Pkg_FillSaleInfo_PostExecute
Execution ID  : {7BE4D401-BC7B-4031-9A2F-B4E5FC1E74EB}
Status        : Success
--------------------------------------------------

--------------------------------------------------
DateTime      : 2025-06-09 10:10:14
Package Name  : Pkg_FillBaseInfo
Source Task   : Run_Pkg_FillSaleInfo
Script Task   : Pkg_FillSaleInfo_PostExecute
Execution ID  : {7BE4D401-BC7B-4031-9A2F-B4E5FC1E74EB}
Status        : Success
--------------------------------------------------

