--------------------------------------------------
DateTime      : 2025-06-11 14:16:38
Package Name  : Pkg_FillBaseInfo
Source Task   : FillDimCompany
Script Task   : Pkg_Seq_FillBaseDimension_PostExecute
Execution ID  : {2CA3563F-6EC3-4896-9F2B-867F7FCE7FDC}
Status        : Success
--------------------------------------------------

--------------------------------------------------
DateTime      : 2025-06-11 14:16:38
Package Name  : Pkg_FillBaseInfo
Source Task   : Success DimCompany
Script Task   : Pkg_Seq_FillBaseDimension_PostExecute
Execution ID  : {2CA3563F-6EC3-4896-9F2B-867F7FCE7FDC}
Status        : Success
--------------------------------------------------

--------------------------------------------------
DateTime      : 2025-06-11 14:16:39
Package Name  : Pkg_FillBaseInfo
Source Task   : FillDimStore
Script Task   : Pkg_Seq_FillBaseDimension_PostExecute
Execution ID  : {2CA3563F-6EC3-4896-9F2B-867F7FCE7FDC}
Status        : Success
--------------------------------------------------

--------------------------------------------------
DateTime      : 2025-06-11 14:16:39
Package Name  : Pkg_FillBaseInfo
Source Task   : FillDimEmployee
Script Task   : Pkg_Seq_FillBaseDimension_PostExecute
Execution ID  : {2CA3563F-6EC3-4896-9F2B-867F7FCE7FDC}
Status        : Success
--------------------------------------------------

--------------------------------------------------
DateTime      : 2025-06-11 14:16:39
Package Name  : Pkg_FillBaseInfo
Source Task   : FillDimDictionary
Script Task   : Pkg_Seq_FillBaseDimension_PostExecute
Execution ID  : {2CA3563F-6EC3-4896-9F2B-867F7FCE7FDC}
Status        : Success
--------------------------------------------------

--------------------------------------------------
DateTime      : 2025-06-11 14:16:39
Package Name  : Pkg_FillBaseInfo
Source Task   : FillDimUser
Script Task   : Pkg_Seq_FillBaseDimension_PostExecute
Execution ID  : {2CA3563F-6EC3-4896-9F2B-867F7FCE7FDC}
Status        : Success
--------------------------------------------------

--------------------------------------------------
DateTime      : 2025-06-11 14:16:39
Package Name  : Pkg_FillBaseInfo
Source Task   : FillDimRepository
Script Task   : Pkg_Seq_FillBaseDimension_PostExecute
Execution ID  : {2CA3563F-6EC3-4896-9F2B-867F7FCE7FDC}
Status        : Success
--------------------------------------------------

--------------------------------------------------
DateTime      : 2025-06-11 14:16:39
Package Name  : Pkg_FillBaseInfo
Source Task   : FillDimTender
Script Task   : Pkg_Seq_FillBaseDimension_PostExecute
Execution ID  : {2CA3563F-6EC3-4896-9F2B-867F7FCE7FDC}
Status        : Success
--------------------------------------------------

--------------------------------------------------
DateTime      : 2025-06-11 14:16:40
Package Name  : Pkg_FillBaseInfo
Source Task   : FillDimCalender
Script Task   : Pkg_Seq_FillBaseDimension_PostExecute
Execution ID  : {2CA3563F-6EC3-4896-9F2B-867F7FCE7FDC}
Status        : Success
--------------------------------------------------

--------------------------------------------------
DateTime      : 2025-06-11 14:16:41
Package Name  : Pkg_FillBaseInfo
Source Task   : FillDimWorkstation
Script Task   : Pkg_Seq_FillBaseDimension_PostExecute
Execution ID  : {2CA3563F-6EC3-4896-9F2B-867F7FCE7FDC}
Status        : Success
--------------------------------------------------

--------------------------------------------------
DateTime      : 2025-06-11 14:16:41
Package Name  : Pkg_FillBaseInfo
Source Task   : FillDimEtlTime
Script Task   : Pkg_Seq_FillBaseDimension_PostExecute
Execution ID  : {2CA3563F-6EC3-4896-9F2B-867F7FCE7FDC}
Status        : Success
--------------------------------------------------

--------------------------------------------------
DateTime      : 2025-06-11 14:16:41
Package Name  : Pkg_FillBaseInfo
Source Task   : Seq_FillBaseDimension
Script Task   : Pkg_Seq_FillBaseDimension_PostExecute
Execution ID  : {2CA3563F-6EC3-4896-9F2B-867F7FCE7FDC}
Status        : Success
--------------------------------------------------

