--------------------------------------------------
DateTime      : 2025-05-21 11:55:34
Package Name  : Pkg_FillBaseInfo
Source Task   : FillDimStock
Script Task   : Pkg_FillStockDocumentInfo_PostExecute
Execution ID  : {306E9279-E241-468D-8FCD-451A0331F640}
Status        : Success
--------------------------------------------------

--------------------------------------------------
DateTime      : 2025-05-21 11:55:34
Package Name  : Pkg_FillBaseInfo
Source Task   : Success FillDimStock
Script Task   : Pkg_FillStockDocumentInfo_PostExecute
Execution ID  : {306E9279-E241-468D-8FCD-451A0331F640}
Status        : Success
--------------------------------------------------

--------------------------------------------------
DateTime      : 2025-05-21 11:55:35
Package Name  : Pkg_FillBaseInfo
Source Task   : FillDimSupplier
Script Task   : Pkg_FillStockDocumentInfo_PostExecute
Execution ID  : {306E9279-E241-468D-8FCD-451A0331F640}
Status        : Success
--------------------------------------------------

--------------------------------------------------
DateTime      : 2025-05-21 11:55:35
Package Name  : Pkg_FillBaseInfo
Source Task   : Success FillDimSupplier
Script Task   : Pkg_FillStockDocumentInfo_PostExecute
Execution ID  : {306E9279-E241-468D-8FCD-451A0331F640}
Status        : Success
--------------------------------------------------

--------------------------------------------------
DateTime      : 2025-05-21 11:55:35
Package Name  : Pkg_FillBaseInfo
Source Task   : DeleteFactStockDocument
Script Task   : Pkg_FillStockDocumentInfo_PostExecute
Execution ID  : {306E9279-E241-468D-8FCD-451A0331F640}
Status        : Success
--------------------------------------------------

--------------------------------------------------
DateTime      : 2025-05-21 11:55:35
Package Name  : Pkg_FillBaseInfo
Source Task   : Success FactStockDocument
Script Task   : Pkg_FillStockDocumentInfo_PostExecute
Execution ID  : {306E9279-E241-468D-8FCD-451A0331F640}
Status        : Success
--------------------------------------------------

--------------------------------------------------
DateTime      : 2025-05-21 11:55:36
Package Name  : Pkg_FillBaseInfo
Source Task   : FillFactStockDocument
Script Task   : Pkg_FillStockDocumentInfo_PostExecute
Execution ID  : {306E9279-E241-468D-8FCD-451A0331F640}
Status        : Success
--------------------------------------------------

--------------------------------------------------
DateTime      : 2025-05-21 11:55:36
Package Name  : Pkg_FillBaseInfo
Source Task   : Success FillFactStockDocument
Script Task   : Pkg_FillStockDocumentInfo_PostExecute
Execution ID  : {306E9279-E241-468D-8FCD-451A0331F640}
Status        : Success
--------------------------------------------------

--------------------------------------------------
DateTime      : 2025-05-21 11:55:36
Package Name  : Pkg_FillBaseInfo
Source Task   : FillDimStockDocument
Script Task   : Pkg_FillStockDocumentInfo_PostExecute
Execution ID  : {306E9279-E241-468D-8FCD-451A0331F640}
Status        : Success
--------------------------------------------------

--------------------------------------------------
DateTime      : 2025-05-21 11:55:36
Package Name  : Pkg_FillBaseInfo
Source Task   : Success DimStockDocument
Script Task   : Pkg_FillStockDocumentInfo_PostExecute
Execution ID  : {306E9279-E241-468D-8FCD-451A0331F640}
Status        : Success
--------------------------------------------------

--------------------------------------------------
DateTime      : 2025-05-21 11:55:36
Package Name  : Pkg_FillBaseInfo
Source Task   : UpdateRefStatus
Script Task   : Pkg_FillStockDocumentInfo_PostExecute
Execution ID  : {306E9279-E241-468D-8FCD-451A0331F640}
Status        : Success
--------------------------------------------------

--------------------------------------------------
DateTime      : 2025-05-21 11:55:36
Package Name  : Pkg_FillBaseInfo
Source Task   : Success UpdateRefStatus
Script Task   : Pkg_FillStockDocumentInfo_PostExecute
Execution ID  : {306E9279-E241-468D-8FCD-451A0331F640}
Status        : Success
--------------------------------------------------

--------------------------------------------------
DateTime      : 2025-05-21 11:55:36
Package Name  : Pkg_FillBaseInfo
Source Task   : FillDimEtlTime
Script Task   : Pkg_FillStockDocumentInfo_PostExecute
Execution ID  : {306E9279-E241-468D-8FCD-451A0331F640}
Status        : Success
--------------------------------------------------

--------------------------------------------------
DateTime      : 2025-05-21 11:55:36
Package Name  : Pkg_FillBaseInfo
Source Task   : Seq_FillStockInfo
Script Task   : Pkg_FillStockDocumentInfo_PostExecute
Execution ID  : {306E9279-E241-468D-8FCD-451A0331F640}
Status        : Success
--------------------------------------------------

--------------------------------------------------
DateTime      : 2025-05-21 11:55:36
Package Name  : Pkg_FillBaseInfo
Source Task   : Pkg_FillStockDocumentInfo
Script Task   : Pkg_FillStockDocumentInfo_PostExecute
Execution ID  : {306E9279-E241-468D-8FCD-451A0331F640}
Status        : Success
--------------------------------------------------

--------------------------------------------------
DateTime      : 2025-05-21 11:55:36
Package Name  : Pkg_FillBaseInfo
Source Task   : Run_Pkg_FillStockDocumentInfo
Script Task   : Pkg_FillStockDocumentInfo_PostExecute
Execution ID  : {306E9279-E241-468D-8FCD-451A0331F640}
Status        : Success
--------------------------------------------------

