--------------------------------------------------
DateTime      : 2025-06-10 11:38:05
Package Name  : Pkg_FillBaseInfo
Source Task   : FillDimCustomer
Script Task   : Pkg_FillCutomerInfo_PostExecute
Execution ID  : {3114E7B3-61FE-424D-9B56-2A697598BF43}
Status        : Success
--------------------------------------------------

--------------------------------------------------
DateTime      : 2025-06-10 11:38:05
Package Name  : Pkg_FillBaseInfo
Source Task   : FillDimCustomerGroup
Script Task   : Pkg_FillCutomerInfo_PostExecute
Execution ID  : {3114E7B3-61FE-424D-9B56-2A697598BF43}
Status        : Success
--------------------------------------------------

--------------------------------------------------
DateTime      : 2025-06-10 11:38:05
Package Name  : Pkg_FillBaseInfo
Source Task   : FillDimEtlTime
Script Task   : Pkg_FillCutomerInfo_PostExecute
Execution ID  : {3114E7B3-61FE-424D-9B56-2A697598BF43}
Status        : Success
--------------------------------------------------

--------------------------------------------------
DateTime      : 2025-06-10 11:38:05
Package Name  : Pkg_FillBaseInfo
Source Task   : Seq_FillCustomerInfo
Script Task   : Pkg_FillCutomerInfo_PostExecute
Execution ID  : {3114E7B3-61FE-424D-9B56-2A697598BF43}
Status        : Success
--------------------------------------------------

--------------------------------------------------
DateTime      : 2025-06-10 11:38:05
Package Name  : Pkg_FillBaseInfo
Source Task   : Pkg_FillCustomerInfo
Script Task   : Pkg_FillCutomerInfo_PostExecute
Execution ID  : {3114E7B3-61FE-424D-9B56-2A697598BF43}
Status        : Success
--------------------------------------------------

--------------------------------------------------
DateTime      : 2025-06-10 11:38:05
Package Name  : Pkg_FillBaseInfo
Source Task   : Run_Pkg_FillCustomerInfo
Script Task   : Pkg_FillCutomerInfo_PostExecute
Execution ID  : {3114E7B3-61FE-424D-9B56-2A697598BF43}
Status        : Success
--------------------------------------------------

--------------------------------------------------
DateTime      : 2025-06-10 11:47:08
Package Name  : Pkg_FillBaseInfo
Source Task   : FillDimCustomer
Script Task   : Pkg_FillCutomerInfo_PostExecute
Execution ID  : {72D7B1A1-C196-4D5C-9149-1ED51F932512}
Status        : Success
--------------------------------------------------

--------------------------------------------------
DateTime      : 2025-06-10 11:47:08
Package Name  : Pkg_FillBaseInfo
Source Task   : FillDimCustomerGroup
Script Task   : Pkg_FillCutomerInfo_PostExecute
Execution ID  : {72D7B1A1-C196-4D5C-9149-1ED51F932512}
Status        : Success
--------------------------------------------------

--------------------------------------------------
DateTime      : 2025-06-10 11:47:08
Package Name  : Pkg_FillBaseInfo
Source Task   : FillDimEtlTime
Script Task   : Pkg_FillCutomerInfo_PostExecute
Execution ID  : {72D7B1A1-C196-4D5C-9149-1ED51F932512}
Status        : Success
--------------------------------------------------

--------------------------------------------------
DateTime      : 2025-06-10 11:47:08
Package Name  : Pkg_FillBaseInfo
Source Task   : Seq_FillCustomerInfo
Script Task   : Pkg_FillCutomerInfo_PostExecute
Execution ID  : {72D7B1A1-C196-4D5C-9149-1ED51F932512}
Status        : Success
--------------------------------------------------

--------------------------------------------------
DateTime      : 2025-06-10 11:47:08
Package Name  : Pkg_FillBaseInfo
Source Task   : Pkg_FillCustomerInfo
Script Task   : Pkg_FillCutomerInfo_PostExecute
Execution ID  : {72D7B1A1-C196-4D5C-9149-1ED51F932512}
Status        : Success
--------------------------------------------------

--------------------------------------------------
DateTime      : 2025-06-10 11:47:08
Package Name  : Pkg_FillBaseInfo
Source Task   : Run_Pkg_FillCustomerInfo
Script Task   : Pkg_FillCutomerInfo_PostExecute
Execution ID  : {72D7B1A1-C196-4D5C-9149-1ED51F932512}
Status        : Success
--------------------------------------------------

--------------------------------------------------
DateTime      : 2025-06-10 11:56:41
Package Name  : Pkg_FillBaseInfo
Source Task   : FillDimCustomer
Script Task   : Pkg_FillCutomerInfo_PostExecute
Execution ID  : {3F9E5B23-6141-4B8B-9856-39FCE0F2C912}
Status        : Success
--------------------------------------------------

--------------------------------------------------
DateTime      : 2025-06-10 11:56:41
Package Name  : Pkg_FillBaseInfo
Source Task   : FillDimCustomerGroup
Script Task   : Pkg_FillCutomerInfo_PostExecute
Execution ID  : {3F9E5B23-6141-4B8B-9856-39FCE0F2C912}
Status        : Success
--------------------------------------------------

--------------------------------------------------
DateTime      : 2025-06-10 11:56:41
Package Name  : Pkg_FillBaseInfo
Source Task   : FillDimEtlTime
Script Task   : Pkg_FillCutomerInfo_PostExecute
Execution ID  : {3F9E5B23-6141-4B8B-9856-39FCE0F2C912}
Status        : Success
--------------------------------------------------

--------------------------------------------------
DateTime      : 2025-06-10 11:56:41
Package Name  : Pkg_FillBaseInfo
Source Task   : Seq_FillCustomerInfo
Script Task   : Pkg_FillCutomerInfo_PostExecute
Execution ID  : {3F9E5B23-6141-4B8B-9856-39FCE0F2C912}
Status        : Success
--------------------------------------------------

--------------------------------------------------
DateTime      : 2025-06-10 11:56:41
Package Name  : Pkg_FillBaseInfo
Source Task   : Pkg_FillCustomerInfo
Script Task   : Pkg_FillCutomerInfo_PostExecute
Execution ID  : {3F9E5B23-6141-4B8B-9856-39FCE0F2C912}
Status        : Success
--------------------------------------------------

--------------------------------------------------
DateTime      : 2025-06-10 11:56:41
Package Name  : Pkg_FillBaseInfo
Source Task   : Run_Pkg_FillCustomerInfo
Script Task   : Pkg_FillCutomerInfo_PostExecute
Execution ID  : {3F9E5B23-6141-4B8B-9856-39FCE0F2C912}
Status        : Success
--------------------------------------------------

--------------------------------------------------
DateTime      : 2025-06-10 13:11:25
Package Name  : Pkg_FillBaseInfo
Source Task   : FillDimCustomer
Script Task   : Pkg_FillCutomerInfo_PostExecute
Execution ID  : {AD83A7D3-4807-4451-8F6D-4A7363CE6D68}
Status        : Success
--------------------------------------------------

--------------------------------------------------
DateTime      : 2025-06-10 13:11:26
Package Name  : Pkg_FillBaseInfo
Source Task   : FillDimCustomerGroup
Script Task   : Pkg_FillCutomerInfo_PostExecute
Execution ID  : {AD83A7D3-4807-4451-8F6D-4A7363CE6D68}
Status        : Success
--------------------------------------------------

--------------------------------------------------
DateTime      : 2025-06-10 13:11:26
Package Name  : Pkg_FillBaseInfo
Source Task   : FillDimEtlTime
Script Task   : Pkg_FillCutomerInfo_PostExecute
Execution ID  : {AD83A7D3-4807-4451-8F6D-4A7363CE6D68}
Status        : Success
--------------------------------------------------

--------------------------------------------------
DateTime      : 2025-06-10 13:11:26
Package Name  : Pkg_FillBaseInfo
Source Task   : Seq_FillCustomerInfo
Script Task   : Pkg_FillCutomerInfo_PostExecute
Execution ID  : {AD83A7D3-4807-4451-8F6D-4A7363CE6D68}
Status        : Success
--------------------------------------------------

--------------------------------------------------
DateTime      : 2025-06-10 13:11:26
Package Name  : Pkg_FillBaseInfo
Source Task   : Pkg_FillCustomerInfo
Script Task   : Pkg_FillCutomerInfo_PostExecute
Execution ID  : {AD83A7D3-4807-4451-8F6D-4A7363CE6D68}
Status        : Success
--------------------------------------------------

--------------------------------------------------
DateTime      : 2025-06-10 13:11:26
Package Name  : Pkg_FillBaseInfo
Source Task   : Run_Pkg_FillCustomerInfo
Script Task   : Pkg_FillCutomerInfo_PostExecute
Execution ID  : {AD83A7D3-4807-4451-8F6D-4A7363CE6D68}
Status        : Success
--------------------------------------------------

