--------------------------------------------------
DateTime      : 2025-07-02 16:13:39
Package Name  : Pkg_FillBaseInfo
Source Task   : DeleteFactStockDocument
Script Task   : Pkg_FillStockDocumentInfo_PostExecute
Execution ID  : {E868ACAF-EB11-4308-86CD-32E11E62FEC1}
Status        : Success
--------------------------------------------------

--------------------------------------------------
DateTime      : 2025-07-02 16:13:40
Package Name  : Pkg_FillBaseInfo
Source Task   : FillFactStockDocument
Script Task   : Pkg_FillStockDocumentInfo_PostExecute
Execution ID  : {E868ACAF-EB11-4308-86CD-32E11E62FEC1}
Status        : Success
--------------------------------------------------

--------------------------------------------------
DateTime      : 2025-07-02 16:13:40
Package Name  : Pkg_FillBaseInfo
Source Task   : FillDimStockDocument
Script Task   : Pkg_FillStockDocumentInfo_PostExecute
Execution ID  : {E868ACAF-EB11-4308-86CD-32E11E62FEC1}
Status        : Success
--------------------------------------------------

--------------------------------------------------
DateTime      : 2025-07-02 16:13:41
Package Name  : Pkg_FillBaseInfo
Source Task   : UpdateRefStatus
Script Task   : Pkg_FillStockDocumentInfo_PostExecute
Execution ID  : {E868ACAF-EB11-4308-86CD-32E11E62FEC1}
Status        : Success
--------------------------------------------------

--------------------------------------------------
DateTime      : 2025-07-02 16:13:41
Package Name  : Pkg_FillBaseInfo
Source Task   : FillDimEtlTime
Script Task   : Pkg_FillStockDocumentInfo_PostExecute
Execution ID  : {E868ACAF-EB11-4308-86CD-32E11E62FEC1}
Status        : Success
--------------------------------------------------

--------------------------------------------------
DateTime      : 2025-07-02 16:13:41
Package Name  : Pkg_FillBaseInfo
Source Task   : Seq_FillStockDocumentInfo
Script Task   : Pkg_FillStockDocumentInfo_PostExecute
Execution ID  : {E868ACAF-EB11-4308-86CD-32E11E62FEC1}
Status        : Success
--------------------------------------------------

--------------------------------------------------
DateTime      : 2025-07-02 16:13:41
Package Name  : Pkg_FillBaseInfo
Source Task   : Pkg_FillStockDocumentInfo
Script Task   : Pkg_FillStockDocumentInfo_PostExecute
Execution ID  : {E868ACAF-EB11-4308-86CD-32E11E62FEC1}
Status        : Success
--------------------------------------------------

--------------------------------------------------
DateTime      : 2025-07-02 16:13:41
Package Name  : Pkg_FillBaseInfo
Source Task   : Run_Pkg_FillStockDocumentInfo
Script Task   : Pkg_FillStockDocumentInfo_PostExecute
Execution ID  : {E868ACAF-EB11-4308-86CD-32E11E62FEC1}
Status        : Success
--------------------------------------------------

