--------------------------------------------------
DateTime      : 2025-06-11 14:17:00
Package Name  : Pkg_FillBaseInfo
Source Task   : CheckCustomerExists
Script Task   : Pkg_FillSaleInfo_PostExecute
Execution ID  : {2CA3563F-6EC3-4896-9F2B-867F7FCE7FDC}
Status        : Success
--------------------------------------------------

--------------------------------------------------
DateTime      : 2025-06-11 14:17:01
Package Name  : Pkg_FillBaseInfo
Source Task   : DeleteFactSaleReturn
Script Task   : Pkg_FillSaleInfo_PostExecute
Execution ID  : {2CA3563F-6EC3-4896-9F2B-867F7FCE7FDC}
Status        : Success
--------------------------------------------------

--------------------------------------------------
DateTime      : 2025-06-11 14:17:02
Package Name  : Pkg_FillBaseInfo
Source Task   : FillDimSaleReturn
Script Task   : Pkg_FillSaleInfo_PostExecute
Execution ID  : {2CA3563F-6EC3-4896-9F2B-867F7FCE7FDC}
Status        : Success
--------------------------------------------------

--------------------------------------------------
DateTime      : 2025-06-11 14:17:02
Package Name  : Pkg_FillBaseInfo
Source Task   : FillDimEtlTime
Script Task   : Pkg_FillSaleInfo_PostExecute
Execution ID  : {2CA3563F-6EC3-4896-9F2B-867F7FCE7FDC}
Status        : Success
--------------------------------------------------

--------------------------------------------------
DateTime      : 2025-06-11 14:17:02
Package Name  : Pkg_FillBaseInfo
Source Task   : Seq_FillSaleInfo
Script Task   : Pkg_FillSaleInfo_PostExecute
Execution ID  : {2CA3563F-6EC3-4896-9F2B-867F7FCE7FDC}
Status        : Success
--------------------------------------------------

--------------------------------------------------
DateTime      : 2025-06-11 14:17:02
Package Name  : Pkg_FillBaseInfo
Source Task   : Pkg_FillSaleInfo
Script Task   : Pkg_FillSaleInfo_PostExecute
Execution ID  : {2CA3563F-6EC3-4896-9F2B-867F7FCE7FDC}
Status        : Success
--------------------------------------------------

--------------------------------------------------
DateTime      : 2025-06-11 14:17:02
Package Name  : Pkg_FillBaseInfo
Source Task   : Run_Pkg_FillSaleInfo
Script Task   : Pkg_FillSaleInfo_PostExecute
Execution ID  : {2CA3563F-6EC3-4896-9F2B-867F7FCE7FDC}
Status        : Success
--------------------------------------------------

