--------------------------------------------------
DateTime      : 2025-07-02 16:13:08
Package Name  : Pkg_FillBaseInfo
Source Task   : FillDimCompany
Script Task   : Pkg_Seq_FillBaseDimension_PostExecute
Execution ID  : {E868ACAF-EB11-4308-86CD-32E11E62FEC1}
Status        : Success
--------------------------------------------------

--------------------------------------------------
DateTime      : 2025-07-02 16:13:08
Package Name  : Pkg_FillBaseInfo
Source Task   : Success DimCompany
Script Task   : Pkg_Seq_FillBaseDimension_PostExecute
Execution ID  : {E868ACAF-EB11-4308-86CD-32E11E62FEC1}
Status        : Success
--------------------------------------------------

--------------------------------------------------
DateTime      : 2025-07-02 16:13:08
Package Name  : Pkg_FillBaseInfo
Source Task   : FillDimRepository
Script Task   : Pkg_Seq_FillBaseDimension_PostExecute
Execution ID  : {E868ACAF-EB11-4308-86CD-32E11E62FEC1}
Status        : Success
--------------------------------------------------

--------------------------------------------------
DateTime      : 2025-07-02 16:13:09
Package Name  : Pkg_FillBaseInfo
Source Task   : FillDimUser
Script Task   : Pkg_Seq_FillBaseDimension_PostExecute
Execution ID  : {E868ACAF-EB11-4308-86CD-32E11E62FEC1}
Status        : Success
--------------------------------------------------

--------------------------------------------------
DateTime      : 2025-07-02 16:13:09
Package Name  : Pkg_FillBaseInfo
Source Task   : FillDimDictionary
Script Task   : Pkg_Seq_FillBaseDimension_PostExecute
Execution ID  : {E868ACAF-EB11-4308-86CD-32E11E62FEC1}
Status        : Success
--------------------------------------------------

--------------------------------------------------
DateTime      : 2025-07-02 16:13:09
Package Name  : Pkg_FillBaseInfo
Source Task   : FillDimTender
Script Task   : Pkg_Seq_FillBaseDimension_PostExecute
Execution ID  : {E868ACAF-EB11-4308-86CD-32E11E62FEC1}
Status        : Success
--------------------------------------------------

--------------------------------------------------
DateTime      : 2025-07-02 16:13:09
Package Name  : Pkg_FillBaseInfo
Source Task   : FillDimEmployee
Script Task   : Pkg_Seq_FillBaseDimension_PostExecute
Execution ID  : {E868ACAF-EB11-4308-86CD-32E11E62FEC1}
Status        : Success
--------------------------------------------------

--------------------------------------------------
DateTime      : 2025-07-02 16:13:09
Package Name  : Pkg_FillBaseInfo
Source Task   : FillDimStore
Script Task   : Pkg_Seq_FillBaseDimension_PostExecute
Execution ID  : {E868ACAF-EB11-4308-86CD-32E11E62FEC1}
Status        : Success
--------------------------------------------------

--------------------------------------------------
DateTime      : 2025-07-02 16:13:11
Package Name  : Pkg_FillBaseInfo
Source Task   : FillDimCalender
Script Task   : Pkg_Seq_FillBaseDimension_PostExecute
Execution ID  : {E868ACAF-EB11-4308-86CD-32E11E62FEC1}
Status        : Success
--------------------------------------------------

--------------------------------------------------
DateTime      : 2025-07-02 16:13:11
Package Name  : Pkg_FillBaseInfo
Source Task   : FillDimWorkstation
Script Task   : Pkg_Seq_FillBaseDimension_PostExecute
Execution ID  : {E868ACAF-EB11-4308-86CD-32E11E62FEC1}
Status        : Success
--------------------------------------------------

--------------------------------------------------
DateTime      : 2025-07-02 16:13:11
Package Name  : Pkg_FillBaseInfo
Source Task   : FillDimEtlTime
Script Task   : Pkg_Seq_FillBaseDimension_PostExecute
Execution ID  : {E868ACAF-EB11-4308-86CD-32E11E62FEC1}
Status        : Success
--------------------------------------------------

--------------------------------------------------
DateTime      : 2025-07-02 16:13:11
Package Name  : Pkg_FillBaseInfo
Source Task   : Seq_FillBaseDimension
Script Task   : Pkg_Seq_FillBaseDimension_PostExecute
Execution ID  : {E868ACAF-EB11-4308-86CD-32E11E62FEC1}
Status        : Success
--------------------------------------------------

