--------------------------------------------------
DateTime      : 2025-05-26 17:37:32
Package Name  : Pkg_FillBaseInfo
Source Task   : CheckCustomerExists
Script Task   : Pkg_FillSaleInfo_PostExecute
Execution ID  : {01DBAC5E-5748-4797-9D63-8AD181A90397}
Status        : Success
--------------------------------------------------

--------------------------------------------------
DateTime      : 2025-05-26 17:37:33
Package Name  : Pkg_FillBaseInfo
Source Task   : DeleteFactSaleReturn
Script Task   : Pkg_FillSaleInfo_PostExecute
Execution ID  : {01DBAC5E-5748-4797-9D63-8AD181A90397}
Status        : Success
--------------------------------------------------

--------------------------------------------------
DateTime      : 2025-05-26 17:37:34
Package Name  : Pkg_FillBaseInfo
Source Task   : FillDimSaleReturn
Script Task   : Pkg_FillSaleInfo_PostExecute
Execution ID  : {01DBAC5E-5748-4797-9D63-8AD181A90397}
Status        : Success
--------------------------------------------------

--------------------------------------------------
DateTime      : 2025-05-26 17:37:34
Package Name  : Pkg_FillBaseInfo
Source Task   : FillDimEtlTime
Script Task   : Pkg_FillSaleInfo_PostExecute
Execution ID  : {01DBAC5E-5748-4797-9D63-8AD181A90397}
Status        : Success
--------------------------------------------------

--------------------------------------------------
DateTime      : 2025-05-26 17:37:34
Package Name  : Pkg_FillBaseInfo
Source Task   : Execute SQL Task
Script Task   : Pkg_FillSaleInfo_OnError
Execution ID  : {01DBAC5E-5748-4797-9D63-8AD181A90397}
Status        : FAILED
Error Code    : -1073548784
Error Message : Executing the query "SELECT  *   FROM table_that_does_not_exist" failed with the following error: "Invalid object name 'table_that_does_not_exist'.". Possible failure reasons: Problems with the query, "ResultSet" property not set correctly, parameters not set correctly, or connection not established correctly.

--------------------------------------------------

--------------------------------------------------
DateTime      : 2025-05-26 17:37:34
Package Name  : Pkg_FillBaseInfo
Source Task   : Execute SQL Task
Script Task   : Pkg_FillSaleInfo_PostExecute
Execution ID  : {01DBAC5E-5748-4797-9D63-8AD181A90397}
Status        : Success
--------------------------------------------------

--------------------------------------------------
DateTime      : 2025-05-26 17:37:34
Package Name  : Pkg_FillBaseInfo
Source Task   : Seq_FillSaleInfo
Script Task   : Pkg_FillSaleInfo_PostExecute
Execution ID  : {01DBAC5E-5748-4797-9D63-8AD181A90397}
Status        : Success
--------------------------------------------------

--------------------------------------------------
DateTime      : 2025-05-26 17:37:34
Package Name  : Pkg_FillBaseInfo
Source Task   : Pkg_FillSaleInfo
Script Task   : Pkg_FillSaleInfo_PostExecute
Execution ID  : {01DBAC5E-5748-4797-9D63-8AD181A90397}
Status        : Success
--------------------------------------------------

--------------------------------------------------
DateTime      : 2025-05-26 17:37:34
Package Name  : Pkg_FillBaseInfo
Source Task   : Run_Pkg_FillSaleInfo
Script Task   : Pkg_FillSaleInfo_PostExecute
Execution ID  : {01DBAC5E-5748-4797-9D63-8AD181A90397}
Status        : Success
--------------------------------------------------

