--------------------------------------------------
DateTime      : 2025-07-16 11:33:53
Package Name  : Pkg_FillBaseInfo
Source Task   : FillDimCompany
Script Task   : Pkg_Seq_FillBaseDimension_PostExecute
Execution ID  : {B2A598FE-9B6A-4DD0-A80F-CF0705E13471}
Status        : Success
--------------------------------------------------

--------------------------------------------------
DateTime      : 2025-07-16 11:33:53
Package Name  : Pkg_FillBaseInfo
Source Task   : Success DimCompany
Script Task   : Pkg_Seq_FillBaseDimension_PostExecute
Execution ID  : {B2A598FE-9B6A-4DD0-A80F-CF0705E13471}
Status        : Success
--------------------------------------------------

--------------------------------------------------
DateTime      : 2025-07-16 11:33:53
Package Name  : Pkg_FillBaseInfo
Source Task   : FillDimUser
Script Task   : Pkg_Seq_FillBaseDimension_PostExecute
Execution ID  : {B2A598FE-9B6A-4DD0-A80F-CF0705E13471}
Status        : Success
--------------------------------------------------

--------------------------------------------------
DateTime      : 2025-07-16 11:33:53
Package Name  : Pkg_FillBaseInfo
Source Task   : FillDimStore
Script Task   : Pkg_Seq_FillBaseDimension_PostExecute
Execution ID  : {B2A598FE-9B6A-4DD0-A80F-CF0705E13471}
Status        : Success
--------------------------------------------------

--------------------------------------------------
DateTime      : 2025-07-16 11:33:53
Package Name  : Pkg_FillBaseInfo
Source Task   : FillDimRepository
Script Task   : Pkg_Seq_FillBaseDimension_PostExecute
Execution ID  : {B2A598FE-9B6A-4DD0-A80F-CF0705E13471}
Status        : Success
--------------------------------------------------

--------------------------------------------------
DateTime      : 2025-07-16 11:33:53
Package Name  : Pkg_FillBaseInfo
Source Task   : FillDimEmployee
Script Task   : Pkg_Seq_FillBaseDimension_PostExecute
Execution ID  : {B2A598FE-9B6A-4DD0-A80F-CF0705E13471}
Status        : Success
--------------------------------------------------

--------------------------------------------------
DateTime      : 2025-07-16 11:33:53
Package Name  : Pkg_FillBaseInfo
Source Task   : FillDimDictionary
Script Task   : Pkg_Seq_FillBaseDimension_PostExecute
Execution ID  : {B2A598FE-9B6A-4DD0-A80F-CF0705E13471}
Status        : Success
--------------------------------------------------

--------------------------------------------------
DateTime      : 2025-07-16 11:33:53
Package Name  : Pkg_FillBaseInfo
Source Task   : FillDimTender
Script Task   : Pkg_Seq_FillBaseDimension_PostExecute
Execution ID  : {B2A598FE-9B6A-4DD0-A80F-CF0705E13471}
Status        : Success
--------------------------------------------------

--------------------------------------------------
DateTime      : 2025-07-16 11:33:56
Package Name  : Pkg_FillBaseInfo
Source Task   : FillDimCalender
Script Task   : Pkg_Seq_FillBaseDimension_PostExecute
Execution ID  : {B2A598FE-9B6A-4DD0-A80F-CF0705E13471}
Status        : Success
--------------------------------------------------

--------------------------------------------------
DateTime      : 2025-07-16 11:33:56
Package Name  : Pkg_FillBaseInfo
Source Task   : FillDimWorkstation
Script Task   : Pkg_Seq_FillBaseDimension_PostExecute
Execution ID  : {B2A598FE-9B6A-4DD0-A80F-CF0705E13471}
Status        : Success
--------------------------------------------------

--------------------------------------------------
DateTime      : 2025-07-16 11:33:56
Package Name  : Pkg_FillBaseInfo
Source Task   : FillDimEtlTime
Script Task   : Pkg_Seq_FillBaseDimension_PostExecute
Execution ID  : {B2A598FE-9B6A-4DD0-A80F-CF0705E13471}
Status        : Success
--------------------------------------------------

--------------------------------------------------
DateTime      : 2025-07-16 11:33:56
Package Name  : Pkg_FillBaseInfo
Source Task   : Seq_FillBaseDimension
Script Task   : Pkg_Seq_FillBaseDimension_PostExecute
Execution ID  : {B2A598FE-9B6A-4DD0-A80F-CF0705E13471}
Status        : Success
--------------------------------------------------

--------------------------------------------------
DateTime      : 2025-07-16 14:48:28
Package Name  : Pkg_FillBaseInfo
Source Task   : FillDimCompany
Script Task   : Pkg_Seq_FillBaseDimension_PostExecute
Execution ID  : {78D69401-C30A-49B2-8C22-CD921B30A51E}
Status        : Success
--------------------------------------------------

--------------------------------------------------
DateTime      : 2025-07-16 14:48:28
Package Name  : Pkg_FillBaseInfo
Source Task   : Success DimCompany
Script Task   : Pkg_Seq_FillBaseDimension_PostExecute
Execution ID  : {78D69401-C30A-49B2-8C22-CD921B30A51E}
Status        : Success
--------------------------------------------------

--------------------------------------------------
DateTime      : 2025-07-16 14:48:28
Package Name  : Pkg_FillBaseInfo
Source Task   : FillDimDictionary
Script Task   : Pkg_Seq_FillBaseDimension_PostExecute
Execution ID  : {78D69401-C30A-49B2-8C22-CD921B30A51E}
Status        : Success
--------------------------------------------------

--------------------------------------------------
DateTime      : 2025-07-16 14:48:28
Package Name  : Pkg_FillBaseInfo
Source Task   : FillDimStore
Script Task   : Pkg_Seq_FillBaseDimension_PostExecute
Execution ID  : {78D69401-C30A-49B2-8C22-CD921B30A51E}
Status        : Success
--------------------------------------------------

--------------------------------------------------
DateTime      : 2025-07-16 14:48:28
Package Name  : Pkg_FillBaseInfo
Source Task   : FillDimUser
Script Task   : Pkg_Seq_FillBaseDimension_PostExecute
Execution ID  : {78D69401-C30A-49B2-8C22-CD921B30A51E}
Status        : Success
--------------------------------------------------

--------------------------------------------------
DateTime      : 2025-07-16 14:48:28
Package Name  : Pkg_FillBaseInfo
Source Task   : FillDimRepository
Script Task   : Pkg_Seq_FillBaseDimension_PostExecute
Execution ID  : {78D69401-C30A-49B2-8C22-CD921B30A51E}
Status        : Success
--------------------------------------------------

--------------------------------------------------
DateTime      : 2025-07-16 14:48:28
Package Name  : Pkg_FillBaseInfo
Source Task   : FillDimEmployee
Script Task   : Pkg_Seq_FillBaseDimension_PostExecute
Execution ID  : {78D69401-C30A-49B2-8C22-CD921B30A51E}
Status        : Success
--------------------------------------------------

--------------------------------------------------
DateTime      : 2025-07-16 14:48:28
Package Name  : Pkg_FillBaseInfo
Source Task   : FillDimTender
Script Task   : Pkg_Seq_FillBaseDimension_PostExecute
Execution ID  : {78D69401-C30A-49B2-8C22-CD921B30A51E}
Status        : Success
--------------------------------------------------

--------------------------------------------------
DateTime      : 2025-07-16 14:48:30
Package Name  : Pkg_FillBaseInfo
Source Task   : FillDimCalender
Script Task   : Pkg_Seq_FillBaseDimension_PostExecute
Execution ID  : {78D69401-C30A-49B2-8C22-CD921B30A51E}
Status        : Success
--------------------------------------------------

--------------------------------------------------
DateTime      : 2025-07-16 14:48:31
Package Name  : Pkg_FillBaseInfo
Source Task   : FillDimWorkstation
Script Task   : Pkg_Seq_FillBaseDimension_PostExecute
Execution ID  : {78D69401-C30A-49B2-8C22-CD921B30A51E}
Status        : Success
--------------------------------------------------

--------------------------------------------------
DateTime      : 2025-07-16 14:48:31
Package Name  : Pkg_FillBaseInfo
Source Task   : FillDimEtlTime
Script Task   : Pkg_Seq_FillBaseDimension_PostExecute
Execution ID  : {78D69401-C30A-49B2-8C22-CD921B30A51E}
Status        : Success
--------------------------------------------------

--------------------------------------------------
DateTime      : 2025-07-16 14:48:31
Package Name  : Pkg_FillBaseInfo
Source Task   : Seq_FillBaseDimension
Script Task   : Pkg_Seq_FillBaseDimension_PostExecute
Execution ID  : {78D69401-C30A-49B2-8C22-CD921B30A51E}
Status        : Success
--------------------------------------------------

--------------------------------------------------
DateTime      : 2025-07-16 17:39:25
Package Name  : Pkg_FillBaseInfo
Source Task   : FillDimCompany
Script Task   : Pkg_Seq_FillBaseDimension_PostExecute
Execution ID  : {668AB310-276C-4F0B-8726-A4C715EBBB53}
Status        : Success
--------------------------------------------------

--------------------------------------------------
DateTime      : 2025-07-16 17:39:25
Package Name  : Pkg_FillBaseInfo
Source Task   : Success DimCompany
Script Task   : Pkg_Seq_FillBaseDimension_PostExecute
Execution ID  : {668AB310-276C-4F0B-8726-A4C715EBBB53}
Status        : Success
--------------------------------------------------

--------------------------------------------------
DateTime      : 2025-07-16 17:39:25
Package Name  : Pkg_FillBaseInfo
Source Task   : FillDimRepository
Script Task   : Pkg_Seq_FillBaseDimension_PostExecute
Execution ID  : {668AB310-276C-4F0B-8726-A4C715EBBB53}
Status        : Success
--------------------------------------------------

--------------------------------------------------
DateTime      : 2025-07-16 17:39:25
Package Name  : Pkg_FillBaseInfo
Source Task   : FillDimDictionary
Script Task   : Pkg_Seq_FillBaseDimension_PostExecute
Execution ID  : {668AB310-276C-4F0B-8726-A4C715EBBB53}
Status        : Success
--------------------------------------------------

--------------------------------------------------
DateTime      : 2025-07-16 17:39:25
Package Name  : Pkg_FillBaseInfo
Source Task   : FillDimUser
Script Task   : Pkg_Seq_FillBaseDimension_PostExecute
Execution ID  : {668AB310-276C-4F0B-8726-A4C715EBBB53}
Status        : Success
--------------------------------------------------

--------------------------------------------------
DateTime      : 2025-07-16 17:39:25
Package Name  : Pkg_FillBaseInfo
Source Task   : FillDimStore
Script Task   : Pkg_Seq_FillBaseDimension_PostExecute
Execution ID  : {668AB310-276C-4F0B-8726-A4C715EBBB53}
Status        : Success
--------------------------------------------------

--------------------------------------------------
DateTime      : 2025-07-16 17:39:25
Package Name  : Pkg_FillBaseInfo
Source Task   : FillDimTender
Script Task   : Pkg_Seq_FillBaseDimension_PostExecute
Execution ID  : {668AB310-276C-4F0B-8726-A4C715EBBB53}
Status        : Success
--------------------------------------------------

--------------------------------------------------
DateTime      : 2025-07-16 17:39:25
Package Name  : Pkg_FillBaseInfo
Source Task   : FillDimEmployee
Script Task   : Pkg_Seq_FillBaseDimension_PostExecute
Execution ID  : {668AB310-276C-4F0B-8726-A4C715EBBB53}
Status        : Success
--------------------------------------------------

--------------------------------------------------
DateTime      : 2025-07-16 17:39:27
Package Name  : Pkg_FillBaseInfo
Source Task   : FillDimCalender
Script Task   : Pkg_Seq_FillBaseDimension_PostExecute
Execution ID  : {668AB310-276C-4F0B-8726-A4C715EBBB53}
Status        : Success
--------------------------------------------------

--------------------------------------------------
DateTime      : 2025-07-16 17:39:27
Package Name  : Pkg_FillBaseInfo
Source Task   : FillDimWorkstation
Script Task   : Pkg_Seq_FillBaseDimension_PostExecute
Execution ID  : {668AB310-276C-4F0B-8726-A4C715EBBB53}
Status        : Success
--------------------------------------------------

--------------------------------------------------
DateTime      : 2025-07-16 17:39:27
Package Name  : Pkg_FillBaseInfo
Source Task   : FillDimEtlTime
Script Task   : Pkg_Seq_FillBaseDimension_PostExecute
Execution ID  : {668AB310-276C-4F0B-8726-A4C715EBBB53}
Status        : Success
--------------------------------------------------

--------------------------------------------------
DateTime      : 2025-07-16 17:39:27
Package Name  : Pkg_FillBaseInfo
Source Task   : Seq_FillBaseDimension
Script Task   : Pkg_Seq_FillBaseDimension_PostExecute
Execution ID  : {668AB310-276C-4F0B-8726-A4C715EBBB53}
Status        : Success
--------------------------------------------------

