--------------------------------------------------
DateTime      : 2025-06-28 14:42:40
Package Name  : Pkg_FillBaseInfo
Source Task   : FillDimCustomer
Script Task   : Pkg_FillCutomerInfo_PostExecute
Execution ID  : {45277B75-B900-413D-840D-2B6E727D369D}
Status        : Success
--------------------------------------------------

--------------------------------------------------
DateTime      : 2025-06-28 14:42:40
Package Name  : Pkg_FillBaseInfo
Source Task   : FillDimCustomerGroup
Script Task   : Pkg_FillCutomerInfo_PostExecute
Execution ID  : {45277B75-B900-413D-840D-2B6E727D369D}
Status        : Success
--------------------------------------------------

--------------------------------------------------
DateTime      : 2025-06-28 14:42:40
Package Name  : Pkg_FillBaseInfo
Source Task   : FillDimEtlTime
Script Task   : Pkg_FillCutomerInfo_PostExecute
Execution ID  : {45277B75-B900-413D-840D-2B6E727D369D}
Status        : Success
--------------------------------------------------

--------------------------------------------------
DateTime      : 2025-06-28 14:42:40
Package Name  : Pkg_FillBaseInfo
Source Task   : Seq_FillCustomerInfo
Script Task   : Pkg_FillCutomerInfo_PostExecute
Execution ID  : {45277B75-B900-413D-840D-2B6E727D369D}
Status        : Success
--------------------------------------------------

--------------------------------------------------
DateTime      : 2025-06-28 14:42:40
Package Name  : Pkg_FillBaseInfo
Source Task   : Pkg_FillCustomerInfo
Script Task   : Pkg_FillCutomerInfo_PostExecute
Execution ID  : {45277B75-B900-413D-840D-2B6E727D369D}
Status        : Success
--------------------------------------------------

--------------------------------------------------
DateTime      : 2025-06-28 14:42:40
Package Name  : Pkg_FillBaseInfo
Source Task   : Run_Pkg_FillCustomerInfo
Script Task   : Pkg_FillCutomerInfo_PostExecute
Execution ID  : {45277B75-B900-413D-840D-2B6E727D369D}
Status        : Success
--------------------------------------------------

