--------------------------------------------------
DateTime      : 2025-05-26 17:37:26
Package Name  : Pkg_FillBaseInfo
Source Task   : FillDimCustomer
Script Task   : Pkg_FillCutomerInfo_PostExecute
Execution ID  : {01DBAC5E-5748-4797-9D63-8AD181A90397}
Status        : Success
--------------------------------------------------

--------------------------------------------------
DateTime      : 2025-05-26 17:37:27
Package Name  : Pkg_FillBaseInfo
Source Task   : FillDimCustomerGroup
Script Task   : Pkg_FillCutomerInfo_PostExecute
Execution ID  : {01DBAC5E-5748-4797-9D63-8AD181A90397}
Status        : Success
--------------------------------------------------

--------------------------------------------------
DateTime      : 2025-05-26 17:37:27
Package Name  : Pkg_FillBaseInfo
Source Task   : FillDimEtlTime
Script Task   : Pkg_FillCutomerInfo_PostExecute
Execution ID  : {01DBAC5E-5748-4797-9D63-8AD181A90397}
Status        : Success
--------------------------------------------------

--------------------------------------------------
DateTime      : 2025-05-26 17:37:27
Package Name  : Pkg_FillBaseInfo
Source Task   : Seq_FillCustomerInfo
Script Task   : Pkg_FillCutomerInfo_PostExecute
Execution ID  : {01DBAC5E-5748-4797-9D63-8AD181A90397}
Status        : Success
--------------------------------------------------

--------------------------------------------------
DateTime      : 2025-05-26 17:37:27
Package Name  : Pkg_FillBaseInfo
Source Task   : Pkg_FillCustomerInfo
Script Task   : Pkg_FillCutomerInfo_PostExecute
Execution ID  : {01DBAC5E-5748-4797-9D63-8AD181A90397}
Status        : Success
--------------------------------------------------

--------------------------------------------------
DateTime      : 2025-05-26 17:37:27
Package Name  : Pkg_FillBaseInfo
Source Task   : Run_Pkg_FillCustomerInfo
Script Task   : Pkg_FillCutomerInfo_PostExecute
Execution ID  : {01DBAC5E-5748-4797-9D63-8AD181A90397}
Status        : Success
--------------------------------------------------

