--------------------------------------------------
DateTime      : 2025-06-10 11:38:12
Package Name  : Pkg_FillBaseInfo
Source Task   : CheckCustomerExists
Script Task   : Pkg_FillSaleInfo_PostExecute
Execution ID  : {3114E7B3-61FE-424D-9B56-2A697598BF43}
Status        : Success
--------------------------------------------------

--------------------------------------------------
DateTime      : 2025-06-10 11:38:13
Package Name  : Pkg_FillBaseInfo
Source Task   : DeleteFactSaleReturn
Script Task   : Pkg_FillSaleInfo_PostExecute
Execution ID  : {3114E7B3-61FE-424D-9B56-2A697598BF43}
Status        : Success
--------------------------------------------------

--------------------------------------------------
DateTime      : 2025-06-10 11:38:15
Package Name  : Pkg_FillBaseInfo
Source Task   : FillDimSaleReturn
Script Task   : Pkg_FillSaleInfo_PostExecute
Execution ID  : {3114E7B3-61FE-424D-9B56-2A697598BF43}
Status        : Success
--------------------------------------------------

--------------------------------------------------
DateTime      : 2025-06-10 11:38:15
Package Name  : Pkg_FillBaseInfo
Source Task   : FillDimEtlTime
Script Task   : Pkg_FillSaleInfo_PostExecute
Execution ID  : {3114E7B3-61FE-424D-9B56-2A697598BF43}
Status        : Success
--------------------------------------------------

--------------------------------------------------
DateTime      : 2025-06-10 11:38:15
Package Name  : Pkg_FillBaseInfo
Source Task   : Seq_FillSaleInfo
Script Task   : Pkg_FillSaleInfo_PostExecute
Execution ID  : {3114E7B3-61FE-424D-9B56-2A697598BF43}
Status        : Success
--------------------------------------------------

--------------------------------------------------
DateTime      : 2025-06-10 11:38:15
Package Name  : Pkg_FillBaseInfo
Source Task   : Pkg_FillSaleInfo
Script Task   : Pkg_FillSaleInfo_PostExecute
Execution ID  : {3114E7B3-61FE-424D-9B56-2A697598BF43}
Status        : Success
--------------------------------------------------

--------------------------------------------------
DateTime      : 2025-06-10 11:38:15
Package Name  : Pkg_FillBaseInfo
Source Task   : Run_Pkg_FillSaleInfo
Script Task   : Pkg_FillSaleInfo_PostExecute
Execution ID  : {3114E7B3-61FE-424D-9B56-2A697598BF43}
Status        : Success
--------------------------------------------------

--------------------------------------------------
DateTime      : 2025-06-10 11:47:14
Package Name  : Pkg_FillBaseInfo
Source Task   : CheckCustomerExists
Script Task   : Pkg_FillSaleInfo_PostExecute
Execution ID  : {72D7B1A1-C196-4D5C-9149-1ED51F932512}
Status        : Success
--------------------------------------------------

--------------------------------------------------
DateTime      : 2025-06-10 11:47:15
Package Name  : Pkg_FillBaseInfo
Source Task   : DeleteFactSaleReturn
Script Task   : Pkg_FillSaleInfo_PostExecute
Execution ID  : {72D7B1A1-C196-4D5C-9149-1ED51F932512}
Status        : Success
--------------------------------------------------

--------------------------------------------------
DateTime      : 2025-06-10 11:47:17
Package Name  : Pkg_FillBaseInfo
Source Task   : FillDimSaleReturn
Script Task   : Pkg_FillSaleInfo_PostExecute
Execution ID  : {72D7B1A1-C196-4D5C-9149-1ED51F932512}
Status        : Success
--------------------------------------------------

--------------------------------------------------
DateTime      : 2025-06-10 11:47:17
Package Name  : Pkg_FillBaseInfo
Source Task   : FillDimEtlTime
Script Task   : Pkg_FillSaleInfo_PostExecute
Execution ID  : {72D7B1A1-C196-4D5C-9149-1ED51F932512}
Status        : Success
--------------------------------------------------

--------------------------------------------------
DateTime      : 2025-06-10 11:47:17
Package Name  : Pkg_FillBaseInfo
Source Task   : Seq_FillSaleInfo
Script Task   : Pkg_FillSaleInfo_PostExecute
Execution ID  : {72D7B1A1-C196-4D5C-9149-1ED51F932512}
Status        : Success
--------------------------------------------------

--------------------------------------------------
DateTime      : 2025-06-10 11:47:17
Package Name  : Pkg_FillBaseInfo
Source Task   : Pkg_FillSaleInfo
Script Task   : Pkg_FillSaleInfo_PostExecute
Execution ID  : {72D7B1A1-C196-4D5C-9149-1ED51F932512}
Status        : Success
--------------------------------------------------

--------------------------------------------------
DateTime      : 2025-06-10 11:47:17
Package Name  : Pkg_FillBaseInfo
Source Task   : Run_Pkg_FillSaleInfo
Script Task   : Pkg_FillSaleInfo_PostExecute
Execution ID  : {72D7B1A1-C196-4D5C-9149-1ED51F932512}
Status        : Success
--------------------------------------------------

--------------------------------------------------
DateTime      : 2025-06-10 11:56:47
Package Name  : Pkg_FillBaseInfo
Source Task   : CheckCustomerExists
Script Task   : Pkg_FillSaleInfo_PostExecute
Execution ID  : {3F9E5B23-6141-4B8B-9856-39FCE0F2C912}
Status        : Success
--------------------------------------------------

--------------------------------------------------
DateTime      : 2025-06-10 11:56:48
Package Name  : Pkg_FillBaseInfo
Source Task   : DeleteFactSaleReturn
Script Task   : Pkg_FillSaleInfo_PostExecute
Execution ID  : {3F9E5B23-6141-4B8B-9856-39FCE0F2C912}
Status        : Success
--------------------------------------------------

--------------------------------------------------
DateTime      : 2025-06-10 11:56:50
Package Name  : Pkg_FillBaseInfo
Source Task   : FillDimSaleReturn
Script Task   : Pkg_FillSaleInfo_PostExecute
Execution ID  : {3F9E5B23-6141-4B8B-9856-39FCE0F2C912}
Status        : Success
--------------------------------------------------

--------------------------------------------------
DateTime      : 2025-06-10 11:56:50
Package Name  : Pkg_FillBaseInfo
Source Task   : FillDimEtlTime
Script Task   : Pkg_FillSaleInfo_PostExecute
Execution ID  : {3F9E5B23-6141-4B8B-9856-39FCE0F2C912}
Status        : Success
--------------------------------------------------

--------------------------------------------------
DateTime      : 2025-06-10 11:56:50
Package Name  : Pkg_FillBaseInfo
Source Task   : Seq_FillSaleInfo
Script Task   : Pkg_FillSaleInfo_PostExecute
Execution ID  : {3F9E5B23-6141-4B8B-9856-39FCE0F2C912}
Status        : Success
--------------------------------------------------

--------------------------------------------------
DateTime      : 2025-06-10 11:56:50
Package Name  : Pkg_FillBaseInfo
Source Task   : Pkg_FillSaleInfo
Script Task   : Pkg_FillSaleInfo_PostExecute
Execution ID  : {3F9E5B23-6141-4B8B-9856-39FCE0F2C912}
Status        : Success
--------------------------------------------------

--------------------------------------------------
DateTime      : 2025-06-10 11:56:50
Package Name  : Pkg_FillBaseInfo
Source Task   : Run_Pkg_FillSaleInfo
Script Task   : Pkg_FillSaleInfo_PostExecute
Execution ID  : {3F9E5B23-6141-4B8B-9856-39FCE0F2C912}
Status        : Success
--------------------------------------------------

--------------------------------------------------
DateTime      : 2025-06-10 13:11:31
Package Name  : Pkg_FillBaseInfo
Source Task   : CheckCustomerExists
Script Task   : Pkg_FillSaleInfo_PostExecute
Execution ID  : {AD83A7D3-4807-4451-8F6D-4A7363CE6D68}
Status        : Success
--------------------------------------------------

--------------------------------------------------
DateTime      : 2025-06-10 13:11:32
Package Name  : Pkg_FillBaseInfo
Source Task   : DeleteFactSaleReturn
Script Task   : Pkg_FillSaleInfo_PostExecute
Execution ID  : {AD83A7D3-4807-4451-8F6D-4A7363CE6D68}
Status        : Success
--------------------------------------------------

--------------------------------------------------
DateTime      : 2025-06-10 13:11:34
Package Name  : Pkg_FillBaseInfo
Source Task   : FillDimSaleReturn
Script Task   : Pkg_FillSaleInfo_PostExecute
Execution ID  : {AD83A7D3-4807-4451-8F6D-4A7363CE6D68}
Status        : Success
--------------------------------------------------

--------------------------------------------------
DateTime      : 2025-06-10 13:11:34
Package Name  : Pkg_FillBaseInfo
Source Task   : FillDimEtlTime
Script Task   : Pkg_FillSaleInfo_PostExecute
Execution ID  : {AD83A7D3-4807-4451-8F6D-4A7363CE6D68}
Status        : Success
--------------------------------------------------

--------------------------------------------------
DateTime      : 2025-06-10 13:11:34
Package Name  : Pkg_FillBaseInfo
Source Task   : Seq_FillSaleInfo
Script Task   : Pkg_FillSaleInfo_PostExecute
Execution ID  : {AD83A7D3-4807-4451-8F6D-4A7363CE6D68}
Status        : Success
--------------------------------------------------

--------------------------------------------------
DateTime      : 2025-06-10 13:11:34
Package Name  : Pkg_FillBaseInfo
Source Task   : Pkg_FillSaleInfo
Script Task   : Pkg_FillSaleInfo_PostExecute
Execution ID  : {AD83A7D3-4807-4451-8F6D-4A7363CE6D68}
Status        : Success
--------------------------------------------------

--------------------------------------------------
DateTime      : 2025-06-10 13:11:34
Package Name  : Pkg_FillBaseInfo
Source Task   : Run_Pkg_FillSaleInfo
Script Task   : Pkg_FillSaleInfo_PostExecute
Execution ID  : {AD83A7D3-4807-4451-8F6D-4A7363CE6D68}
Status        : Success
--------------------------------------------------

