--------------------------------------------------
DateTime      : 2025-05-21 11:55:23
Package Name  : Pkg_FillBaseInfo
Source Task   : FillDimCustomer
Script Task   : Pkg_FillCutomerInfo_PostExecute
Execution ID  : {306E9279-E241-468D-8FCD-451A0331F640}
Status        : Success
--------------------------------------------------

--------------------------------------------------
DateTime      : 2025-05-21 11:55:23
Package Name  : Pkg_FillBaseInfo
Source Task   : Success FillDimCustomer
Script Task   : Pkg_FillCutomerInfo_PostExecute
Execution ID  : {306E9279-E241-468D-8FCD-451A0331F640}
Status        : Success
--------------------------------------------------

--------------------------------------------------
DateTime      : 2025-05-21 11:55:23
Package Name  : Pkg_FillBaseInfo
Source Task   : FillDimCustomerGroup
Script Task   : Pkg_FillCutomerInfo_PostExecute
Execution ID  : {306E9279-E241-468D-8FCD-451A0331F640}
Status        : Success
--------------------------------------------------

--------------------------------------------------
DateTime      : 2025-05-21 11:55:23
Package Name  : Pkg_FillBaseInfo
Source Task   : Success FillDimCustomerGroup
Script Task   : Pkg_FillCutomerInfo_PostExecute
Execution ID  : {306E9279-E241-468D-8FCD-451A0331F640}
Status        : Success
--------------------------------------------------

--------------------------------------------------
DateTime      : 2025-05-21 11:55:23
Package Name  : Pkg_FillBaseInfo
Source Task   : FillDimEtlTime
Script Task   : Pkg_FillCutomerInfo_PostExecute
Execution ID  : {306E9279-E241-468D-8FCD-451A0331F640}
Status        : Success
--------------------------------------------------

--------------------------------------------------
DateTime      : 2025-05-21 11:55:23
Package Name  : Pkg_FillBaseInfo
Source Task   : Seq_FillCustomerInfo
Script Task   : Pkg_FillCutomerInfo_PostExecute
Execution ID  : {306E9279-E241-468D-8FCD-451A0331F640}
Status        : Success
--------------------------------------------------

--------------------------------------------------
DateTime      : 2025-05-21 11:55:23
Package Name  : Pkg_FillBaseInfo
Source Task   : Pkg_FillCustomerInfo
Script Task   : Pkg_FillCutomerInfo_PostExecute
Execution ID  : {306E9279-E241-468D-8FCD-451A0331F640}
Status        : Success
--------------------------------------------------

--------------------------------------------------
DateTime      : 2025-05-21 11:55:23
Package Name  : Pkg_FillBaseInfo
Source Task   : Run_Pkg_FillCustomerInfo
Script Task   : Pkg_FillCutomerInfo_PostExecute
Execution ID  : {306E9279-E241-468D-8FCD-451A0331F640}
Status        : Success
--------------------------------------------------

