--------------------------------------------------
DateTime      : 2025-07-16 14:48:35
Package Name  : Pkg_FillBaseInfo
Source Task   : FillDimDepartment
Script Task   : Pkg_FillItemInfo_PostExecute
Execution ID  : {78D69401-C30A-49B2-8C22-CD921B30A51E}
Status        : Success
--------------------------------------------------

--------------------------------------------------
DateTime      : 2025-07-16 14:48:37
Package Name  : Pkg_FillBaseInfo
Source Task   : FillDimItem
Script Task   : Pkg_FillItemInfo_PostExecute
Execution ID  : {78D69401-C30A-49B2-8C22-CD921B30A51E}
Status        : Success
--------------------------------------------------

--------------------------------------------------
DateTime      : 2025-07-16 14:48:37
Package Name  : Pkg_FillBaseInfo
Source Task   : FillDimEtlTime
Script Task   : Pkg_FillItemInfo_PostExecute
Execution ID  : {78D69401-C30A-49B2-8C22-CD921B30A51E}
Status        : Success
--------------------------------------------------

--------------------------------------------------
DateTime      : 2025-07-16 14:48:37
Package Name  : Pkg_FillBaseInfo
Source Task   : Seq_FilltemBaseInfo
Script Task   : Pkg_FillItemInfo_PostExecute
Execution ID  : {78D69401-C30A-49B2-8C22-CD921B30A51E}
Status        : Success
--------------------------------------------------

--------------------------------------------------
DateTime      : 2025-07-16 14:48:38
Package Name  : Pkg_FillBaseInfo
Source Task   : Pkg_FilltemInfo
Script Task   : Pkg_FillItemInfo_PostExecute
Execution ID  : {78D69401-C30A-49B2-8C22-CD921B30A51E}
Status        : Success
--------------------------------------------------

--------------------------------------------------
DateTime      : 2025-07-16 14:48:38
Package Name  : Pkg_FillBaseInfo
Source Task   : Run_Pkg_FilltemInfo
Script Task   : Pkg_FillItemInfo_PostExecute
Execution ID  : {78D69401-C30A-49B2-8C22-CD921B30A51E}
Status        : Success
--------------------------------------------------

--------------------------------------------------
DateTime      : 2025-07-16 17:39:31
Package Name  : Pkg_FillBaseInfo
Source Task   : FillDimDepartment
Script Task   : Pkg_FillItemInfo_PostExecute
Execution ID  : {668AB310-276C-4F0B-8726-A4C715EBBB53}
Status        : Success
--------------------------------------------------

--------------------------------------------------
DateTime      : 2025-07-16 17:39:32
Package Name  : Pkg_FillBaseInfo
Source Task   : FillDimItem
Script Task   : Pkg_FillItemInfo_PostExecute
Execution ID  : {668AB310-276C-4F0B-8726-A4C715EBBB53}
Status        : Success
--------------------------------------------------

--------------------------------------------------
DateTime      : 2025-07-16 17:39:32
Package Name  : Pkg_FillBaseInfo
Source Task   : FillDimEtlTime
Script Task   : Pkg_FillItemInfo_PostExecute
Execution ID  : {668AB310-276C-4F0B-8726-A4C715EBBB53}
Status        : Success
--------------------------------------------------

--------------------------------------------------
DateTime      : 2025-07-16 17:39:32
Package Name  : Pkg_FillBaseInfo
Source Task   : Seq_FilltemBaseInfo
Script Task   : Pkg_FillItemInfo_PostExecute
Execution ID  : {668AB310-276C-4F0B-8726-A4C715EBBB53}
Status        : Success
--------------------------------------------------

--------------------------------------------------
DateTime      : 2025-07-16 17:39:32
Package Name  : Pkg_FillBaseInfo
Source Task   : Pkg_FilltemInfo
Script Task   : Pkg_FillItemInfo_PostExecute
Execution ID  : {668AB310-276C-4F0B-8726-A4C715EBBB53}
Status        : Success
--------------------------------------------------

--------------------------------------------------
DateTime      : 2025-07-16 17:39:32
Package Name  : Pkg_FillBaseInfo
Source Task   : Run_Pkg_FilltemInfo
Script Task   : Pkg_FillItemInfo_PostExecute
Execution ID  : {668AB310-276C-4F0B-8726-A4C715EBBB53}
Status        : Success
--------------------------------------------------

