--------------------------------------------------
DateTime      : 2025-06-28 14:42:27
Package Name  : Pkg_FillBaseInfo
Source Task   : FillDimDepartment
Script Task   : Pkg_FillItemInfo_PostExecute
Execution ID  : {45277B75-B900-413D-840D-2B6E727D369D}
Status        : Success
--------------------------------------------------

--------------------------------------------------
DateTime      : 2025-06-28 14:42:29
Package Name  : Pkg_FillBaseInfo
Source Task   : FillDimItem
Script Task   : Pkg_FillItemInfo_PostExecute
Execution ID  : {45277B75-B900-413D-840D-2B6E727D369D}
Status        : Success
--------------------------------------------------

--------------------------------------------------
DateTime      : 2025-06-28 14:42:29
Package Name  : Pkg_FillBaseInfo
Source Task   : FillDimEtlTime
Script Task   : Pkg_FillItemInfo_PostExecute
Execution ID  : {45277B75-B900-413D-840D-2B6E727D369D}
Status        : Success
--------------------------------------------------

--------------------------------------------------
DateTime      : 2025-06-28 14:42:29
Package Name  : Pkg_FillBaseInfo
Source Task   : Seq_FilltemBaseInfo
Script Task   : Pkg_FillItemInfo_PostExecute
Execution ID  : {45277B75-B900-413D-840D-2B6E727D369D}
Status        : Success
--------------------------------------------------

--------------------------------------------------
DateTime      : 2025-06-28 14:42:29
Package Name  : Pkg_FillBaseInfo
Source Task   : Pkg_FilltemInfo
Script Task   : Pkg_FillItemInfo_PostExecute
Execution ID  : {45277B75-B900-413D-840D-2B6E727D369D}
Status        : Success
--------------------------------------------------

--------------------------------------------------
DateTime      : 2025-06-28 14:42:29
Package Name  : Pkg_FillBaseInfo
Source Task   : Run_Pkg_FilltemInfo
Script Task   : Pkg_FillItemInfo_PostExecute
Execution ID  : {45277B75-B900-413D-840D-2B6E727D369D}
Status        : Success
--------------------------------------------------

