--------------------------------------------------
DateTime      : 2025-06-09 10:10:02
Package Name  : Pkg_FillBaseInfo
Source Task   : FillDimCustomer
Script Task   : Pkg_FillCutomerInfo_PostExecute
Execution ID  : {7BE4D401-BC7B-4031-9A2F-B4E5FC1E74EB}
Status        : Success
--------------------------------------------------

--------------------------------------------------
DateTime      : 2025-06-09 10:10:02
Package Name  : Pkg_FillBaseInfo
Source Task   : FillDimCustomerGroup
Script Task   : Pkg_FillCutomerInfo_PostExecute
Execution ID  : {7BE4D401-BC7B-4031-9A2F-B4E5FC1E74EB}
Status        : Success
--------------------------------------------------

--------------------------------------------------
DateTime      : 2025-06-09 10:10:02
Package Name  : Pkg_FillBaseInfo
Source Task   : FillDimEtlTime
Script Task   : Pkg_FillCutomerInfo_PostExecute
Execution ID  : {7BE4D401-BC7B-4031-9A2F-B4E5FC1E74EB}
Status        : Success
--------------------------------------------------

--------------------------------------------------
DateTime      : 2025-06-09 10:10:02
Package Name  : Pkg_FillBaseInfo
Source Task   : Seq_FillCustomerInfo
Script Task   : Pkg_FillCutomerInfo_PostExecute
Execution ID  : {7BE4D401-BC7B-4031-9A2F-B4E5FC1E74EB}
Status        : Success
--------------------------------------------------

--------------------------------------------------
DateTime      : 2025-06-09 10:10:02
Package Name  : Pkg_FillBaseInfo
Source Task   : Pkg_FillCustomerInfo
Script Task   : Pkg_FillCutomerInfo_PostExecute
Execution ID  : {7BE4D401-BC7B-4031-9A2F-B4E5FC1E74EB}
Status        : Success
--------------------------------------------------

--------------------------------------------------
DateTime      : 2025-06-09 10:10:02
Package Name  : Pkg_FillBaseInfo
Source Task   : Run_Pkg_FillCustomerInfo
Script Task   : Pkg_FillCutomerInfo_PostExecute
Execution ID  : {7BE4D401-BC7B-4031-9A2F-B4E5FC1E74EB}
Status        : Success
--------------------------------------------------

