--------------------------------------------------
DateTime      : 2025-06-11 14:17:03
Package Name  : Pkg_FillBaseInfo
Source Task   : DeleteFactStockDocument
Script Task   : Pkg_FillStockDocumentInfo_PostExecute
Execution ID  : {2CA3563F-6EC3-4896-9F2B-867F7FCE7FDC}
Status        : Success
--------------------------------------------------

--------------------------------------------------
DateTime      : 2025-06-11 14:17:04
Package Name  : Pkg_FillBaseInfo
Source Task   : FillFactStockDocument
Script Task   : Pkg_FillStockDocumentInfo_PostExecute
Execution ID  : {2CA3563F-6EC3-4896-9F2B-867F7FCE7FDC}
Status        : Success
--------------------------------------------------

--------------------------------------------------
DateTime      : 2025-06-11 14:17:04
Package Name  : Pkg_FillBaseInfo
Source Task   : FillDimStockDocument
Script Task   : Pkg_FillStockDocumentInfo_PostExecute
Execution ID  : {2CA3563F-6EC3-4896-9F2B-867F7FCE7FDC}
Status        : Success
--------------------------------------------------

--------------------------------------------------
DateTime      : 2025-06-11 14:17:04
Package Name  : Pkg_FillBaseInfo
Source Task   : UpdateRefStatus
Script Task   : Pkg_FillStockDocumentInfo_PostExecute
Execution ID  : {2CA3563F-6EC3-4896-9F2B-867F7FCE7FDC}
Status        : Success
--------------------------------------------------

--------------------------------------------------
DateTime      : 2025-06-11 14:17:04
Package Name  : Pkg_FillBaseInfo
Source Task   : FillDimEtlTime
Script Task   : Pkg_FillStockDocumentInfo_PostExecute
Execution ID  : {2CA3563F-6EC3-4896-9F2B-867F7FCE7FDC}
Status        : Success
--------------------------------------------------

--------------------------------------------------
DateTime      : 2025-06-11 14:17:04
Package Name  : Pkg_FillBaseInfo
Source Task   : Seq_FillStockDocumentInfo
Script Task   : Pkg_FillStockDocumentInfo_PostExecute
Execution ID  : {2CA3563F-6EC3-4896-9F2B-867F7FCE7FDC}
Status        : Success
--------------------------------------------------

--------------------------------------------------
DateTime      : 2025-06-11 14:17:04
Package Name  : Pkg_FillBaseInfo
Source Task   : Pkg_FillStockDocumentInfo
Script Task   : Pkg_FillStockDocumentInfo_PostExecute
Execution ID  : {2CA3563F-6EC3-4896-9F2B-867F7FCE7FDC}
Status        : Success
--------------------------------------------------

--------------------------------------------------
DateTime      : 2025-06-11 14:17:04
Package Name  : Pkg_FillBaseInfo
Source Task   : Run_Pkg_FillStockDocumentInfo
Script Task   : Pkg_FillStockDocumentInfo_PostExecute
Execution ID  : {2CA3563F-6EC3-4896-9F2B-867F7FCE7FDC}
Status        : Success
--------------------------------------------------

