--------------------------------------------------
DateTime      : 2025-07-16 14:48:54
Package Name  : Pkg_FillBaseInfo
Source Task   : CheckCustomerExists
Script Task   : Pkg_FillSaleInfo_PostExecute
Execution ID  : {78D69401-C30A-49B2-8C22-CD921B30A51E}
Status        : Success
--------------------------------------------------

--------------------------------------------------
DateTime      : 2025-07-16 14:48:54
Package Name  : Pkg_FillBaseInfo
Source Task   : DeleteFactSaleReturn
Script Task   : Pkg_FillSaleInfo_PostExecute
Execution ID  : {78D69401-C30A-49B2-8C22-CD921B30A51E}
Status        : Success
--------------------------------------------------

--------------------------------------------------
DateTime      : 2025-07-16 14:48:56
Package Name  : Pkg_FillBaseInfo
Source Task   : FillDimSaleReturn
Script Task   : Pkg_FillSaleInfo_PostExecute
Execution ID  : {78D69401-C30A-49B2-8C22-CD921B30A51E}
Status        : Success
--------------------------------------------------

--------------------------------------------------
DateTime      : 2025-07-16 14:48:56
Package Name  : Pkg_FillBaseInfo
Source Task   : FillDimEtlTime
Script Task   : Pkg_FillSaleInfo_PostExecute
Execution ID  : {78D69401-C30A-49B2-8C22-CD921B30A51E}
Status        : Success
--------------------------------------------------

--------------------------------------------------
DateTime      : 2025-07-16 14:48:56
Package Name  : Pkg_FillBaseInfo
Source Task   : Seq_FillSaleInfo
Script Task   : Pkg_FillSaleInfo_PostExecute
Execution ID  : {78D69401-C30A-49B2-8C22-CD921B30A51E}
Status        : Success
--------------------------------------------------

--------------------------------------------------
DateTime      : 2025-07-16 14:48:56
Package Name  : Pkg_FillBaseInfo
Source Task   : Pkg_FillSaleInfo
Script Task   : Pkg_FillSaleInfo_PostExecute
Execution ID  : {78D69401-C30A-49B2-8C22-CD921B30A51E}
Status        : Success
--------------------------------------------------

--------------------------------------------------
DateTime      : 2025-07-16 14:48:56
Package Name  : Pkg_FillBaseInfo
Source Task   : Run_Pkg_FillSaleInfo
Script Task   : Pkg_FillSaleInfo_PostExecute
Execution ID  : {78D69401-C30A-49B2-8C22-CD921B30A51E}
Status        : Success
--------------------------------------------------

--------------------------------------------------
DateTime      : 2025-07-16 17:39:44
Package Name  : Pkg_FillBaseInfo
Source Task   : CheckCustomerExists
Script Task   : Pkg_FillSaleInfo_PostExecute
Execution ID  : {668AB310-276C-4F0B-8726-A4C715EBBB53}
Status        : Success
--------------------------------------------------

--------------------------------------------------
DateTime      : 2025-07-16 17:39:45
Package Name  : Pkg_FillBaseInfo
Source Task   : DeleteFactSaleReturn
Script Task   : Pkg_FillSaleInfo_PostExecute
Execution ID  : {668AB310-276C-4F0B-8726-A4C715EBBB53}
Status        : Success
--------------------------------------------------

--------------------------------------------------
DateTime      : 2025-07-16 17:39:46
Package Name  : Pkg_FillBaseInfo
Source Task   : FillDimSaleReturn
Script Task   : Pkg_FillSaleInfo_PostExecute
Execution ID  : {668AB310-276C-4F0B-8726-A4C715EBBB53}
Status        : Success
--------------------------------------------------

--------------------------------------------------
DateTime      : 2025-07-16 17:39:46
Package Name  : Pkg_FillBaseInfo
Source Task   : FillDimEtlTime
Script Task   : Pkg_FillSaleInfo_PostExecute
Execution ID  : {668AB310-276C-4F0B-8726-A4C715EBBB53}
Status        : Success
--------------------------------------------------

--------------------------------------------------
DateTime      : 2025-07-16 17:39:46
Package Name  : Pkg_FillBaseInfo
Source Task   : Seq_FillSaleInfo
Script Task   : Pkg_FillSaleInfo_PostExecute
Execution ID  : {668AB310-276C-4F0B-8726-A4C715EBBB53}
Status        : Success
--------------------------------------------------

--------------------------------------------------
DateTime      : 2025-07-16 17:39:47
Package Name  : Pkg_FillBaseInfo
Source Task   : Pkg_FillSaleInfo
Script Task   : Pkg_FillSaleInfo_PostExecute
Execution ID  : {668AB310-276C-4F0B-8726-A4C715EBBB53}
Status        : Success
--------------------------------------------------

--------------------------------------------------
DateTime      : 2025-07-16 17:39:47
Package Name  : Pkg_FillBaseInfo
Source Task   : Run_Pkg_FillSaleInfo
Script Task   : Pkg_FillSaleInfo_PostExecute
Execution ID  : {668AB310-276C-4F0B-8726-A4C715EBBB53}
Status        : Success
--------------------------------------------------

